[ 2017-07-09T08:40:14+08:00 ] ::1 /TP/Admin/Auth/accessList.html
INFO: [ app_init ] --START--
INFO: Run Behavior\BuildLiteBehavior [ RunTime:0.000000s ]
INFO: [ app_init ] --END-- [ RunTime:0.000000s ]
INFO: [ app_begin ] --START--
INFO: Run Behavior\ReadHtmlCacheBehavior [ RunTime:0.001000s ]
INFO: [ app_begin ] --END-- [ RunTime:0.001000s ]

[ 2017-07-09T08:40:14+08:00 ] ::1 /TP/Admin/Login/index.html
INFO: [ app_init ] --START--
INFO: Run Behavior\BuildLiteBehavior [ RunTime:0.000000s ]
INFO: [ app_init ] --END-- [ RunTime:0.000000s ]
INFO: [ app_begin ] --START--
INFO: Run Behavior\ReadHtmlCacheBehavior [ RunTime:0.000000s ]
INFO: [ app_begin ] --END-- [ RunTime:0.000000s ]
INFO: [ view_parse ] --START--
INFO: [ template_filter ] --START--
INFO: Run Behavior\ContentReplaceBehavior [ RunTime:0.000000s ]
INFO: [ template_filter ] --END-- [ RunTime:0.001000s ]
INFO: Run Behavior\ParseTemplateBehavior [ RunTime:0.075004s ]
INFO: [ view_parse ] --END-- [ RunTime:0.075004s ]
INFO: [ view_filter ] --START--
INFO: Run Behavior\WriteHtmlCacheBehavior [ RunTime:0.001000s ]
INFO: [ view_filter ] --END-- [ RunTime:0.001000s ]
INFO: [ app_end ] --START--
INFO: Run Behavior\ShowPageTraceBehavior [ RunTime:0.002000s ]
INFO: [ app_end ] --END-- [ RunTime:0.002000s ]

[ 2017-07-09T08:40:15+08:00 ] ::1 /TP/Admin/Login/verify
INFO: [ app_init ] --START--
INFO: Run Behavior\BuildLiteBehavior [ RunTime:0.000000s ]
INFO: [ app_init ] --END-- [ RunTime:0.000000s ]
INFO: [ app_begin ] --START--
INFO: Run Behavior\ReadHtmlCacheBehavior [ RunTime:0.000000s ]
INFO: [ app_begin ] --END-- [ RunTime:0.001000s ]
INFO: [ app_end ] --START--
INFO: Run Behavior\ShowPageTraceBehavior [ RunTime:0.002001s ]
INFO: [ app_end ] --END-- [ RunTime:0.002001s ]

[ 2017-07-09T08:40:25+08:00 ] ::1 /TP/Admin/Login/checkLogin
INFO: [ app_init ] --START--
INFO: Run Behavior\BuildLiteBehavior [ RunTime:0.000000s ]
INFO: [ app_init ] --END-- [ RunTime:0.001000s ]
INFO: [ app_begin ] --START--
INFO: Run Behavior\ReadHtmlCacheBehavior [ RunTime:0.001000s ]
INFO: [ app_begin ] --END-- [ RunTime:0.001000s ]
INFO: [ view_parse ] --START--
INFO: [ template_filter ] --START--
INFO: Run Behavior\ContentReplaceBehavior [ RunTime:0.000000s ]
INFO: [ template_filter ] --END-- [ RunTime:0.001000s ]
INFO: Run Behavior\ParseTemplateBehavior [ RunTime:0.074004s ]
INFO: [ view_parse ] --END-- [ RunTime:0.074004s ]
INFO: [ view_filter ] --START--
INFO: Run Behavior\WriteHtmlCacheBehavior [ RunTime:0.000000s ]
INFO: [ view_filter ] --END-- [ RunTime:0.000000s ]

[ 2017-07-09T08:40:27+08:00 ] ::1 /TP/Admin/Login/index.html
INFO: [ app_init ] --START--
INFO: Run Behavior\BuildLiteBehavior [ RunTime:0.000000s ]
INFO: [ app_init ] --END-- [ RunTime:0.000000s ]
INFO: [ app_begin ] --START--
INFO: Run Behavior\ReadHtmlCacheBehavior [ RunTime:0.000000s ]
INFO: [ app_begin ] --END-- [ RunTime:0.000000s ]
INFO: [ view_parse ] --START--
INFO: [ template_filter ] --START--
INFO: Run Behavior\ContentReplaceBehavior [ RunTime:0.001000s ]
INFO: [ template_filter ] --END-- [ RunTime:0.001000s ]
INFO: Run Behavior\ParseTemplateBehavior [ RunTime:0.005000s ]
INFO: [ view_parse ] --END-- [ RunTime:0.005000s ]
INFO: [ view_filter ] --START--
INFO: Run Behavior\WriteHtmlCacheBehavior [ RunTime:0.001000s ]
INFO: [ view_filter ] --END-- [ RunTime:0.001000s ]
INFO: [ app_end ] --START--
INFO: Run Behavior\ShowPageTraceBehavior [ RunTime:0.000000s ]
INFO: [ app_end ] --END-- [ RunTime:0.000000s ]

[ 2017-07-09T08:40:28+08:00 ] ::1 /TP/Admin/Login/verify
INFO: [ app_init ] --START--
INFO: Run Behavior\BuildLiteBehavior [ RunTime:0.000000s ]
INFO: [ app_init ] --END-- [ RunTime:0.001000s ]
INFO: [ app_begin ] --START--
INFO: Run Behavior\ReadHtmlCacheBehavior [ RunTime:0.000000s ]
INFO: [ app_begin ] --END-- [ RunTime:0.000000s ]
INFO: [ app_end ] --START--
INFO: Run Behavior\ShowPageTraceBehavior [ RunTime:0.000000s ]
INFO: [ app_end ] --END-- [ RunTime:0.000000s ]

[ 2017-07-09T08:40:38+08:00 ] ::1 /TP/Admin/Login/checkLogin
INFO: [ app_init ] --START--
INFO: Run Behavior\BuildLiteBehavior [ RunTime:0.000000s ]
INFO: [ app_init ] --END-- [ RunTime:0.001000s ]
INFO: [ app_begin ] --START--
INFO: Run Behavior\ReadHtmlCacheBehavior [ RunTime:0.001000s ]
INFO: [ app_begin ] --END-- [ RunTime:0.001000s ]
SQL: SHOW COLUMNS FROM `zfhc_members` [ RunTime:0.0370s ]
SQL: SELECT * FROM `zfhc_members` WHERE `username` = 'admin' AND `password` = '21232f297a57a5a743894a0e4a801fc3' LIMIT 1   [ RunTime:0.0010s ]
INFO: [ view_parse ] --START--
INFO: [ template_filter ] --START--
INFO: Run Behavior\ContentReplaceBehavior [ RunTime:0.000000s ]
INFO: [ template_filter ] --END-- [ RunTime:0.000000s ]
INFO: Run Behavior\ParseTemplateBehavior [ RunTime:0.010000s ]
INFO: [ view_parse ] --END-- [ RunTime:0.010000s ]
INFO: [ view_filter ] --START--
INFO: Run Behavior\WriteHtmlCacheBehavior [ RunTime:0.001001s ]
INFO: [ view_filter ] --END-- [ RunTime:0.001001s ]
INFO: [ app_end ] --START--
INFO: Run Behavior\ShowPageTraceBehavior [ RunTime:0.001000s ]
INFO: [ app_end ] --END-- [ RunTime:0.001000s ]

[ 2017-07-09T08:40:40+08:00 ] ::1 /TP/Admin/Index/index.html
INFO: [ app_init ] --START--
INFO: Run Behavior\BuildLiteBehavior [ RunTime:0.000000s ]
INFO: [ app_init ] --END-- [ RunTime:0.000000s ]
INFO: [ app_begin ] --START--
INFO: Run Behavior\ReadHtmlCacheBehavior [ RunTime:0.000000s ]
INFO: [ app_begin ] --END-- [ RunTime:0.000000s ]
SQL: SHOW COLUMNS FROM `zfhc_auth_group_access` [ RunTime:0.0350s ]
SQL: SELECT `uid`,`group_id`,`title`,`rules` FROM zfhc_auth_group_access a INNER JOIN zfhc_auth_group g on a.group_id=g.id  WHERE ( a.uid='1' and g.status='1' )  [ RunTime:0.0360s ]
NOTIC: [8] Undefined index: id D:\xampp\htdocs\TP\Application\Common\Common\function.php 第 17 行.
NOTIC: [2] in_array() expects parameter 2 to be array, null given D:\xampp\htdocs\TP\Application\Common\Common\function.php 第 17 行.
SQL: SHOW COLUMNS FROM `zfhc_auth_rule` [ RunTime:0.0100s ]
SQL: SELECT `condition`,`name` FROM `zfhc_auth_rule` WHERE `id` IN ('') AND `type` = 1 AND `status` = 1  [ RunTime:0.0010s ]
SQL: SHOW COLUMNS FROM `zfhc_dhl` [ RunTime:0.0290s ]
SQL: SELECT COUNT(*) AS tp_count FROM `zfhc_dhl` LIMIT 1   [ RunTime:0.0010s ]
SQL: SELECT * FROM `zfhc_dhl` ORDER BY id desc LIMIT 0,10   [ RunTime:0.0010s ]
INFO: [ view_parse ] --START--
INFO: [ template_filter ] --START--
INFO: Run Behavior\ContentReplaceBehavior [ RunTime:0.000000s ]
INFO: [ template_filter ] --END-- [ RunTime:0.000000s ]
NOTIC: [8] Undefined index: id D:\xampp\htdocs\TP\Application\Common\Common\function.php 第 17 行.
NOTIC: [2] in_array() expects parameter 2 to be array, null given D:\xampp\htdocs\TP\Application\Common\Common\function.php 第 17 行.
NOTIC: [8] Undefined index: id D:\xampp\htdocs\TP\Application\Common\Common\function.php 第 17 行.
NOTIC: [2] in_array() expects parameter 2 to be array, null given D:\xampp\htdocs\TP\Application\Common\Common\function.php 第 17 行.
NOTIC: [8] Undefined index: id D:\xampp\htdocs\TP\Application\Common\Common\function.php 第 17 行.
NOTIC: [2] in_array() expects parameter 2 to be array, null given D:\xampp\htdocs\TP\Application\Common\Common\function.php 第 17 行.
INFO: Run Behavior\ParseTemplateBehavior [ RunTime:0.044003s ]
INFO: [ view_parse ] --END-- [ RunTime:0.045003s ]
INFO: [ view_filter ] --START--
INFO: Run Behavior\WriteHtmlCacheBehavior [ RunTime:0.000000s ]
INFO: [ view_filter ] --END-- [ RunTime:0.000000s ]
INFO: [ app_end ] --START--
INFO: Run Behavior\ShowPageTraceBehavior [ RunTime:0.001000s ]
INFO: [ app_end ] --END-- [ RunTime:0.001000s ]

[ 2017-07-09T08:40:46+08:00 ] ::1 /TP/Admin/Member/memberList.html
INFO: [ app_init ] --START--
INFO: Run Behavior\BuildLiteBehavior [ RunTime:0.000000s ]
INFO: [ app_init ] --END-- [ RunTime:0.000000s ]
INFO: [ app_begin ] --START--
INFO: Run Behavior\ReadHtmlCacheBehavior [ RunTime:0.000000s ]
INFO: [ app_begin ] --END-- [ RunTime:0.000000s ]
SQL: SHOW COLUMNS FROM `zfhc_auth_group_access` [ RunTime:0.0050s ]
SQL: SELECT `uid`,`group_id`,`title`,`rules` FROM zfhc_auth_group_access a INNER JOIN zfhc_auth_group g on a.group_id=g.id  WHERE ( a.uid='1' and g.status='1' )  [ RunTime:0.0000s ]
NOTIC: [8] Undefined index: id D:\xampp\htdocs\TP\Application\Common\Common\function.php 第 17 行.
NOTIC: [2] in_array() expects parameter 2 to be array, null given D:\xampp\htdocs\TP\Application\Common\Common\function.php 第 17 行.
SQL: SHOW COLUMNS FROM `zfhc_auth_rule` [ RunTime:0.0050s ]
SQL: SELECT `condition`,`name` FROM `zfhc_auth_rule` WHERE `id` IN ('') AND `type` = 1 AND `status` = 1  [ RunTime:0.0000s ]
SQL: SHOW COLUMNS FROM `zfhc_members` [ RunTime:0.0060s ]
SQL: SELECT COUNT(*) AS tp_count FROM `zfhc_members` LIMIT 1   [ RunTime:0.0000s ]
SQL: SELECT `uid`,`username`,`score` FROM `zfhc_members` ORDER BY uid desc LIMIT 0,8   [ RunTime:0.0010s ]
INFO: [ view_parse ] --START--
INFO: [ template_filter ] --START--
INFO: Run Behavior\ContentReplaceBehavior [ RunTime:0.000000s ]
INFO: [ template_filter ] --END-- [ RunTime:0.001000s ]
INFO: Run Behavior\ParseTemplateBehavior [ RunTime:0.024001s ]
INFO: [ view_parse ] --END-- [ RunTime:0.024001s ]
INFO: [ view_filter ] --START--
INFO: Run Behavior\WriteHtmlCacheBehavior [ RunTime:0.001000s ]
INFO: [ view_filter ] --END-- [ RunTime:0.001000s ]
INFO: [ app_end ] --START--
INFO: Run Behavior\ShowPageTraceBehavior [ RunTime:0.001001s ]
INFO: [ app_end ] --END-- [ RunTime:0.001001s ]

[ 2017-07-09T08:40:50+08:00 ] ::1 /TP/Admin/Auth/accessList.html
INFO: [ app_init ] --START--
INFO: Run Behavior\BuildLiteBehavior [ RunTime:0.000000s ]
INFO: [ app_init ] --END-- [ RunTime:0.000000s ]
INFO: [ app_begin ] --START--
INFO: Run Behavior\ReadHtmlCacheBehavior [ RunTime:0.000000s ]
INFO: [ app_begin ] --END-- [ RunTime:0.000000s ]
SQL: SHOW COLUMNS FROM `zfhc_auth_group_access` [ RunTime:0.0050s ]
SQL: SELECT `uid`,`group_id`,`title`,`rules` FROM zfhc_auth_group_access a INNER JOIN zfhc_auth_group g on a.group_id=g.id  WHERE ( a.uid='1' and g.status='1' )  [ RunTime:0.0010s ]
NOTIC: [8] Undefined index: id D:\xampp\htdocs\TP\Application\Common\Common\function.php 第 17 行.
NOTIC: [2] in_array() expects parameter 2 to be array, null given D:\xampp\htdocs\TP\Application\Common\Common\function.php 第 17 行.
SQL: SHOW COLUMNS FROM `zfhc_auth_rule` [ RunTime:0.0050s ]
SQL: SELECT `condition`,`name` FROM `zfhc_auth_rule` WHERE `id` IN ('') AND `type` = 1 AND `status` = 1  [ RunTime:0.0010s ]
SQL: SHOW COLUMNS FROM `zfhc_modules` [ RunTime:0.0290s ]
SQL: SELECT COUNT(*) AS tp_count FROM zfhc_auth_rule rule  JOIN zfhc_modules modules ON rule.mid=modules.id LIMIT 1   [ RunTime:0.0080s ]
SQL: SELECT rule.id AS id,rule.name AS name,rule.title AS title,rule.type AS type,rule.condition AS term,rule.status AS status,rule.mid AS mid,modules.moduleName AS moduleName FROM zfhc_auth_rule rule  JOIN zfhc_modules modules ON rule.mid=modules.id ORDER BY rule.id desc LIMIT 0,5   [ RunTime:0.0020s ]
INFO: [ view_parse ] --START--
INFO: [ template_filter ] --START--
INFO: Run Behavior\ContentReplaceBehavior [ RunTime:0.001000s ]
INFO: [ template_filter ] --END-- [ RunTime:0.001000s ]
NOTIC: [8] Undefined index: moduleName D:\xampp\htdocs\TP\Application\Runtime\Cache\Admin\161650e4ca5a037e3871d527d5f5d5e3.php 第 175 行.
NOTIC: [8] Undefined index: moduleName D:\xampp\htdocs\TP\Application\Runtime\Cache\Admin\161650e4ca5a037e3871d527d5f5d5e3.php 第 175 行.
NOTIC: [8] Undefined index: moduleName D:\xampp\htdocs\TP\Application\Runtime\Cache\Admin\161650e4ca5a037e3871d527d5f5d5e3.php 第 175 行.
NOTIC: [8] Undefined index: moduleName D:\xampp\htdocs\TP\Application\Runtime\Cache\Admin\161650e4ca5a037e3871d527d5f5d5e3.php 第 175 行.
NOTIC: [8] Undefined index: moduleName D:\xampp\htdocs\TP\Application\Runtime\Cache\Admin\161650e4ca5a037e3871d527d5f5d5e3.php 第 175 行.
INFO: Run Behavior\ParseTemplateBehavior [ RunTime:0.043003s ]
INFO: [ view_parse ] --END-- [ RunTime:0.043003s ]
INFO: [ view_filter ] --START--
INFO: Run Behavior\WriteHtmlCacheBehavior [ RunTime:0.001000s ]
INFO: [ view_filter ] --END-- [ RunTime:0.001000s ]
INFO: [ app_end ] --START--
INFO: Run Behavior\ShowPageTraceBehavior [ RunTime:0.001000s ]
INFO: [ app_end ] --END-- [ RunTime:0.001000s ]

[ 2017-07-09T08:40:53+08:00 ] ::1 /TP/Admin/Auth/accessAdd.html
INFO: [ app_init ] --START--
INFO: Run Behavior\BuildLiteBehavior [ RunTime:0.000000s ]
INFO: [ app_init ] --END-- [ RunTime:0.000000s ]
INFO: [ app_begin ] --START--
INFO: Run Behavior\ReadHtmlCacheBehavior [ RunTime:0.000000s ]
INFO: [ app_begin ] --END-- [ RunTime:0.000000s ]
SQL: SHOW COLUMNS FROM `zfhc_auth_group_access` [ RunTime:0.0060s ]
SQL: SELECT `uid`,`group_id`,`title`,`rules` FROM zfhc_auth_group_access a INNER JOIN zfhc_auth_group g on a.group_id=g.id  WHERE ( a.uid='1' and g.status='1' )  [ RunTime:0.0010s ]
NOTIC: [8] Undefined index: id D:\xampp\htdocs\TP\Application\Common\Common\function.php 第 17 行.
NOTIC: [2] in_array() expects parameter 2 to be array, null given D:\xampp\htdocs\TP\Application\Common\Common\function.php 第 17 行.
SQL: SHOW COLUMNS FROM `zfhc_auth_rule` [ RunTime:0.0050s ]
SQL: SELECT `condition`,`name` FROM `zfhc_auth_rule` WHERE `id` IN ('') AND `type` = 1 AND `status` = 1  [ RunTime:0.0000s ]
SQL: SHOW COLUMNS FROM `zfhc_modules` [ RunTime:0.0050s ]
SQL: SELECT * FROM `zfhc_modules`  [ RunTime:0.0010s ]
INFO: [ view_parse ] --START--
INFO: [ template_filter ] --START--
INFO: Run Behavior\ContentReplaceBehavior [ RunTime:0.000000s ]
INFO: [ template_filter ] --END-- [ RunTime:0.000000s ]
NOTIC: [8] Undefined index: moduleName D:\xampp\htdocs\TP\Application\Runtime\Cache\Admin\bd18d6a257c58ea1b300c119cec170ce.php 第 204 行.
NOTIC: [8] Undefined index: moduleName D:\xampp\htdocs\TP\Application\Runtime\Cache\Admin\bd18d6a257c58ea1b300c119cec170ce.php 第 204 行.
NOTIC: [8] Undefined index: moduleName D:\xampp\htdocs\TP\Application\Runtime\Cache\Admin\bd18d6a257c58ea1b300c119cec170ce.php 第 204 行.
NOTIC: [8] Undefined index: moduleName D:\xampp\htdocs\TP\Application\Runtime\Cache\Admin\bd18d6a257c58ea1b300c119cec170ce.php 第 204 行.
INFO: Run Behavior\ParseTemplateBehavior [ RunTime:0.036003s ]
INFO: [ view_parse ] --END-- [ RunTime:0.036003s ]
INFO: [ view_filter ] --START--
INFO: Run Behavior\WriteHtmlCacheBehavior [ RunTime:0.000000s ]
INFO: [ view_filter ] --END-- [ RunTime:0.000000s ]
INFO: [ app_end ] --START--
INFO: Run Behavior\ShowPageTraceBehavior [ RunTime:0.001000s ]
INFO: [ app_end ] --END-- [ RunTime:0.001000s ]

[ 2017-07-09T08:40:56+08:00 ] ::1 /TP/Admin/Auth/groupList.html
INFO: [ app_init ] --START--
INFO: Run Behavior\BuildLiteBehavior [ RunTime:0.000000s ]
INFO: [ app_init ] --END-- [ RunTime:0.000000s ]
INFO: [ app_begin ] --START--
INFO: Run Behavior\ReadHtmlCacheBehavior [ RunTime:0.000000s ]
INFO: [ app_begin ] --END-- [ RunTime:0.001000s ]
SQL: SHOW COLUMNS FROM `zfhc_auth_group_access` [ RunTime:0.0060s ]
SQL: SELECT `uid`,`group_id`,`title`,`rules` FROM zfhc_auth_group_access a INNER JOIN zfhc_auth_group g on a.group_id=g.id  WHERE ( a.uid='1' and g.status='1' )  [ RunTime:0.0010s ]
NOTIC: [8] Undefined index: id D:\xampp\htdocs\TP\Application\Common\Common\function.php 第 17 行.
NOTIC: [2] in_array() expects parameter 2 to be array, null given D:\xampp\htdocs\TP\Application\Common\Common\function.php 第 17 行.
SQL: SHOW COLUMNS FROM `zfhc_auth_rule` [ RunTime:0.0060s ]
SQL: SELECT `condition`,`name` FROM `zfhc_auth_rule` WHERE `id` IN ('') AND `type` = 1 AND `status` = 1  [ RunTime:0.0010s ]
SQL: SHOW COLUMNS FROM `zfhc_auth_group` [ RunTime:0.0060s ]
SQL: SELECT COUNT(*) AS tp_count FROM `zfhc_auth_group` LIMIT 1   [ RunTime:0.0000s ]
SQL: SELECT * FROM `zfhc_auth_group` ORDER BY id desc LIMIT 0,5   [ RunTime:0.0010s ]
INFO: [ view_parse ] --START--
INFO: [ template_filter ] --START--
INFO: Run Behavior\ContentReplaceBehavior [ RunTime:0.000000s ]
INFO: [ template_filter ] --END-- [ RunTime:0.000000s ]
INFO: Run Behavior\ParseTemplateBehavior [ RunTime:0.081005s ]
INFO: [ view_parse ] --END-- [ RunTime:0.081005s ]
INFO: [ view_filter ] --START--
INFO: Run Behavior\WriteHtmlCacheBehavior [ RunTime:0.001000s ]
INFO: [ view_filter ] --END-- [ RunTime:0.001000s ]
INFO: [ app_end ] --START--
INFO: Run Behavior\ShowPageTraceBehavior [ RunTime:0.004000s ]
INFO: [ app_end ] --END-- [ RunTime:0.004000s ]

[ 2017-07-09T08:41:00+08:00 ] ::1 /TP/Admin/Dhl/dhlList.html
INFO: [ app_init ] --START--
INFO: Run Behavior\BuildLiteBehavior [ RunTime:0.000000s ]
INFO: [ app_init ] --END-- [ RunTime:0.001000s ]
INFO: [ app_begin ] --START--
INFO: Run Behavior\ReadHtmlCacheBehavior [ RunTime:0.001000s ]
INFO: [ app_begin ] --END-- [ RunTime:0.001000s ]
SQL: SHOW COLUMNS FROM `zfhc_auth_group_access` [ RunTime:0.0050s ]
SQL: SELECT `uid`,`group_id`,`title`,`rules` FROM zfhc_auth_group_access a INNER JOIN zfhc_auth_group g on a.group_id=g.id  WHERE ( a.uid='1' and g.status='1' )  [ RunTime:0.0000s ]
NOTIC: [8] Undefined index: id D:\xampp\htdocs\TP\Application\Common\Common\function.php 第 17 行.
NOTIC: [2] in_array() expects parameter 2 to be array, null given D:\xampp\htdocs\TP\Application\Common\Common\function.php 第 17 行.
SQL: SHOW COLUMNS FROM `zfhc_auth_rule` [ RunTime:0.0050s ]
SQL: SELECT `condition`,`name` FROM `zfhc_auth_rule` WHERE `id` IN ('') AND `type` = 1 AND `status` = 1  [ RunTime:0.0000s ]
SQL: SHOW COLUMNS FROM `zfhc_dhl` [ RunTime:0.0050s ]
SQL: SELECT COUNT(*) AS tp_count FROM `zfhc_dhl` LIMIT 1   [ RunTime:0.0000s ]
SQL: SELECT `id`,`dhl`,`block` FROM `zfhc_dhl` ORDER BY id desc LIMIT 0,8   [ RunTime:0.0010s ]
INFO: [ view_parse ] --START--
INFO: [ template_filter ] --START--
INFO: Run Behavior\ContentReplaceBehavior [ RunTime:0.000000s ]
INFO: [ template_filter ] --END-- [ RunTime:0.000000s ]
INFO: Run Behavior\ParseTemplateBehavior [ RunTime:0.039002s ]
INFO: [ view_parse ] --END-- [ RunTime:0.039002s ]
INFO: [ view_filter ] --START--
INFO: Run Behavior\WriteHtmlCacheBehavior [ RunTime:0.001000s ]
INFO: [ view_filter ] --END-- [ RunTime:0.001000s ]
INFO: [ app_end ] --START--
INFO: Run Behavior\ShowPageTraceBehavior [ RunTime:0.004001s ]
INFO: [ app_end ] --END-- [ RunTime:0.004001s ]

[ 2017-07-09T08:41:05+08:00 ] ::1 /TP/Admin/Dhl/dhlAdd.html
INFO: [ app_init ] --START--
INFO: Run Behavior\BuildLiteBehavior [ RunTime:0.000000s ]
INFO: [ app_init ] --END-- [ RunTime:0.001000s ]
INFO: [ app_begin ] --START--
INFO: Run Behavior\ReadHtmlCacheBehavior [ RunTime:0.001000s ]
INFO: [ app_begin ] --END-- [ RunTime:0.002001s ]
SQL: SHOW COLUMNS FROM `zfhc_auth_group_access` [ RunTime:0.0050s ]
SQL: SELECT `uid`,`group_id`,`title`,`rules` FROM zfhc_auth_group_access a INNER JOIN zfhc_auth_group g on a.group_id=g.id  WHERE ( a.uid='1' and g.status='1' )  [ RunTime:0.0000s ]
NOTIC: [8] Undefined index: id D:\xampp\htdocs\TP\Application\Common\Common\function.php 第 17 行.
NOTIC: [2] in_array() expects parameter 2 to be array, null given D:\xampp\htdocs\TP\Application\Common\Common\function.php 第 17 行.
SQL: SHOW COLUMNS FROM `zfhc_auth_rule` [ RunTime:0.0050s ]
SQL: SELECT `condition`,`name` FROM `zfhc_auth_rule` WHERE `id` IN ('') AND `type` = 1 AND `status` = 1  [ RunTime:0.0010s ]
INFO: [ view_parse ] --START--
INFO: [ template_filter ] --START--
INFO: Run Behavior\ContentReplaceBehavior [ RunTime:0.000000s ]
INFO: [ template_filter ] --END-- [ RunTime:0.000000s ]
INFO: Run Behavior\ParseTemplateBehavior [ RunTime:0.042002s ]
INFO: [ view_parse ] --END-- [ RunTime:0.042002s ]
INFO: [ view_filter ] --START--
INFO: Run Behavior\WriteHtmlCacheBehavior [ RunTime:0.001001s ]
INFO: [ view_filter ] --END-- [ RunTime:0.001001s ]
INFO: [ app_end ] --START--
INFO: Run Behavior\ShowPageTraceBehavior [ RunTime:0.001000s ]
INFO: [ app_end ] --END-- [ RunTime:0.001000s ]

[ 2017-07-09T08:41:09+08:00 ] ::1 /TP/Admin/Slideshow/slideshow.html
INFO: [ app_init ] --START--
INFO: Run Behavior\BuildLiteBehavior [ RunTime:0.000000s ]
INFO: [ app_init ] --END-- [ RunTime:0.001000s ]
INFO: [ app_begin ] --START--
INFO: Run Behavior\ReadHtmlCacheBehavior [ RunTime:0.001000s ]
INFO: [ app_begin ] --END-- [ RunTime:0.001000s ]
SQL: SHOW COLUMNS FROM `zfhc_auth_group_access` [ RunTime:0.0050s ]
SQL: SELECT `uid`,`group_id`,`title`,`rules` FROM zfhc_auth_group_access a INNER JOIN zfhc_auth_group g on a.group_id=g.id  WHERE ( a.uid='1' and g.status='1' )  [ RunTime:0.0010s ]
NOTIC: [8] Undefined index: id D:\xampp\htdocs\TP\Application\Common\Common\function.php 第 17 行.
NOTIC: [2] in_array() expects parameter 2 to be array, null given D:\xampp\htdocs\TP\Application\Common\Common\function.php 第 17 行.
SQL: SHOW COLUMNS FROM `zfhc_auth_rule` [ RunTime:0.0060s ]
SQL: SELECT `condition`,`name` FROM `zfhc_auth_rule` WHERE `id` IN ('') AND `type` = 1 AND `status` = 1  [ RunTime:0.0010s ]
SQL: SHOW COLUMNS FROM `zfhc_slideshow` [ RunTime:0.0720s ]
SQL: SELECT COUNT(*) AS tp_count FROM `zfhc_slideshow` LIMIT 1   [ RunTime:0.0000s ]
SQL: SELECT `id`,`name`,`photo`,`url`,`describe`,`sort`,`belong`,`create_time` FROM `zfhc_slideshow` ORDER BY id desc LIMIT 0,8   [ RunTime:0.0010s ]
INFO: [ view_parse ] --START--
INFO: [ template_filter ] --START--
INFO: Run Behavior\ContentReplaceBehavior [ RunTime:0.000000s ]
INFO: [ template_filter ] --END-- [ RunTime:0.000000s ]
INFO: Run Behavior\ParseTemplateBehavior [ RunTime:0.034002s ]
INFO: [ view_parse ] --END-- [ RunTime:0.034002s ]
INFO: [ view_filter ] --START--
INFO: Run Behavior\WriteHtmlCacheBehavior [ RunTime:0.000000s ]
INFO: [ view_filter ] --END-- [ RunTime:0.000000s ]
INFO: [ app_end ] --START--
INFO: Run Behavior\ShowPageTraceBehavior [ RunTime:0.001000s ]
INFO: [ app_end ] --END-- [ RunTime:0.001000s ]

[ 2017-07-09T08:41:12+08:00 ] ::1 /TP/Admin/Slideshow/slideshowAdd.html
INFO: [ app_init ] --START--
INFO: Run Behavior\BuildLiteBehavior [ RunTime:0.000000s ]
INFO: [ app_init ] --END-- [ RunTime:0.001000s ]
INFO: [ app_begin ] --START--
INFO: Run Behavior\ReadHtmlCacheBehavior [ RunTime:0.001000s ]
INFO: [ app_begin ] --END-- [ RunTime:0.001000s ]
SQL: SHOW COLUMNS FROM `zfhc_auth_group_access` [ RunTime:0.0050s ]
SQL: SELECT `uid`,`group_id`,`title`,`rules` FROM zfhc_auth_group_access a INNER JOIN zfhc_auth_group g on a.group_id=g.id  WHERE ( a.uid='1' and g.status='1' )  [ RunTime:0.0010s ]
NOTIC: [8] Undefined index: id D:\xampp\htdocs\TP\Application\Common\Common\function.php 第 17 行.
NOTIC: [2] in_array() expects parameter 2 to be array, null given D:\xampp\htdocs\TP\Application\Common\Common\function.php 第 17 行.
SQL: SHOW COLUMNS FROM `zfhc_auth_rule` [ RunTime:0.0050s ]
SQL: SELECT `condition`,`name` FROM `zfhc_auth_rule` WHERE `id` IN ('') AND `type` = 1 AND `status` = 1  [ RunTime:0.0000s ]
INFO: [ view_parse ] --START--
INFO: [ template_filter ] --START--
INFO: Run Behavior\ContentReplaceBehavior [ RunTime:0.000000s ]
INFO: [ template_filter ] --END-- [ RunTime:0.000000s ]
INFO: Run Behavior\ParseTemplateBehavior [ RunTime:0.035002s ]
INFO: [ view_parse ] --END-- [ RunTime:0.035002s ]
INFO: [ view_filter ] --START--
INFO: Run Behavior\WriteHtmlCacheBehavior [ RunTime:0.000000s ]
INFO: [ view_filter ] --END-- [ RunTime:0.000000s ]
INFO: [ app_end ] --START--
INFO: Run Behavior\ShowPageTraceBehavior [ RunTime:0.004000s ]
INFO: [ app_end ] --END-- [ RunTime:0.004000s ]

[ 2017-07-09T19:19:52+08:00 ] ::1 /TP/Admin/Companynews/companynews.html
INFO: [ app_init ] --START--
INFO: Run Behavior\BuildLiteBehavior [ RunTime:0.000000s ]
INFO: [ app_init ] --END-- [ RunTime:0.001001s ]
INFO: [ app_begin ] --START--
INFO: Run Behavior\ReadHtmlCacheBehavior [ RunTime:0.000000s ]
INFO: [ app_begin ] --END-- [ RunTime:0.000000s ]
SQL: SHOW COLUMNS FROM `zfhc_auth_group_access` [ RunTime:0.0760s ]
SQL: SELECT `uid`,`group_id`,`title`,`rules` FROM zfhc_auth_group_access a INNER JOIN zfhc_auth_group g on a.group_id=g.id  WHERE ( a.uid='1' and g.status='1' )  [ RunTime:0.0250s ]
NOTIC: [8] Undefined index: id D:\xampp\htdocs\TP\Application\Common\Common\function.php 第 17 行.
NOTIC: [2] in_array() expects parameter 2 to be array, null given D:\xampp\htdocs\TP\Application\Common\Common\function.php 第 17 行.
SQL: SHOW COLUMNS FROM `zfhc_auth_rule` [ RunTime:0.0060s ]
SQL: SELECT `condition`,`name` FROM `zfhc_auth_rule` WHERE `id` IN ('') AND `type` = 1 AND `status` = 1  [ RunTime:0.0000s ]
SQL: SHOW COLUMNS FROM `zfhc_companynews` [ RunTime:0.0600s ]
SQL: SELECT COUNT(*) AS tp_count FROM `zfhc_companynews` LIMIT 1   [ RunTime:0.0000s ]
SQL: SELECT `id`,`name`,`editorvalue` FROM `zfhc_companynews` ORDER BY id desc LIMIT 0,8   [ RunTime:0.0000s ]
INFO: [ view_parse ] --START--
INFO: [ template_filter ] --START--
INFO: Run Behavior\ContentReplaceBehavior [ RunTime:0.000000s ]
INFO: [ template_filter ] --END-- [ RunTime:0.000000s ]
INFO: Run Behavior\ParseTemplateBehavior [ RunTime:0.084005s ]
INFO: [ view_parse ] --END-- [ RunTime:0.084005s ]
INFO: [ view_filter ] --START--
INFO: Run Behavior\WriteHtmlCacheBehavior [ RunTime:0.001000s ]
INFO: [ view_filter ] --END-- [ RunTime:0.001000s ]
INFO: [ app_end ] --START--
INFO: Run Behavior\ShowPageTraceBehavior [ RunTime:0.001000s ]
INFO: [ app_end ] --END-- [ RunTime:0.001000s ]

[ 2017-07-09T19:20:16+08:00 ] ::1 /TP/Admin/Companynews/companynewsadd.html
INFO: [ app_init ] --START--
INFO: Run Behavior\BuildLiteBehavior [ RunTime:0.000000s ]
INFO: [ app_init ] --END-- [ RunTime:0.001000s ]
INFO: [ app_begin ] --START--
INFO: Run Behavior\ReadHtmlCacheBehavior [ RunTime:0.001000s ]
INFO: [ app_begin ] --END-- [ RunTime:0.001000s ]
SQL: SHOW COLUMNS FROM `zfhc_auth_group_access` [ RunTime:0.0060s ]
SQL: SELECT `uid`,`group_id`,`title`,`rules` FROM zfhc_auth_group_access a INNER JOIN zfhc_auth_group g on a.group_id=g.id  WHERE ( a.uid='1' and g.status='1' )  [ RunTime:0.0010s ]
NOTIC: [8] Undefined index: id D:\xampp\htdocs\TP\Application\Common\Common\function.php 第 17 行.
NOTIC: [2] in_array() expects parameter 2 to be array, null given D:\xampp\htdocs\TP\Application\Common\Common\function.php 第 17 行.
SQL: SHOW COLUMNS FROM `zfhc_auth_rule` [ RunTime:0.0060s ]
SQL: SELECT `condition`,`name` FROM `zfhc_auth_rule` WHERE `id` IN ('') AND `type` = 1 AND `status` = 1  [ RunTime:0.0000s ]
INFO: [ view_parse ] --START--
INFO: [ template_filter ] --START--
INFO: Run Behavior\ContentReplaceBehavior [ RunTime:0.000000s ]
INFO: [ template_filter ] --END-- [ RunTime:0.001000s ]
INFO: Run Behavior\ParseTemplateBehavior [ RunTime:0.027001s ]
INFO: [ view_parse ] --END-- [ RunTime:0.027001s ]
INFO: [ view_filter ] --START--
INFO: Run Behavior\WriteHtmlCacheBehavior [ RunTime:0.001000s ]
INFO: [ view_filter ] --END-- [ RunTime:0.001000s ]
INFO: [ app_end ] --START--
INFO: Run Behavior\ShowPageTraceBehavior [ RunTime:0.002000s ]
INFO: [ app_end ] --END-- [ RunTime:0.002000s ]

[ 2017-07-09T20:17:26+08:00 ] ::1 /TP/Admin/Companynews/SaveInfo.html
INFO: [ app_init ] --START--
INFO: Run Behavior\BuildLiteBehavior [ RunTime:0.000000s ]
INFO: [ app_init ] --END-- [ RunTime:0.000000s ]
INFO: [ app_begin ] --START--
INFO: Run Behavior\ReadHtmlCacheBehavior [ RunTime:0.001000s ]
INFO: [ app_begin ] --END-- [ RunTime:0.001000s ]
SQL: SHOW COLUMNS FROM `zfhc_auth_group_access` [ RunTime:0.0060s ]
SQL: SELECT `uid`,`group_id`,`title`,`rules` FROM zfhc_auth_group_access a INNER JOIN zfhc_auth_group g on a.group_id=g.id  WHERE ( a.uid='1' and g.status='1' )  [ RunTime:0.0010s ]
NOTIC: [8] Undefined index: id D:\xampp\htdocs\TP\Application\Common\Common\function.php 第 17 行.
NOTIC: [2] in_array() expects parameter 2 to be array, null given D:\xampp\htdocs\TP\Application\Common\Common\function.php 第 17 行.
SQL: SHOW COLUMNS FROM `zfhc_auth_rule` [ RunTime:0.0060s ]
SQL: SELECT `condition`,`name` FROM `zfhc_auth_rule` WHERE `id` IN ('') AND `type` = 1 AND `status` = 1  [ RunTime:0.0010s ]
INFO: [ view_parse ] --START--
INFO: [ template_filter ] --START--
INFO: Run Behavior\ContentReplaceBehavior [ RunTime:0.000000s ]
INFO: [ template_filter ] --END-- [ RunTime:0.000000s ]
INFO: Run Behavior\ParseTemplateBehavior [ RunTime:0.044002s ]
INFO: [ view_parse ] --END-- [ RunTime:0.044002s ]
INFO: [ view_filter ] --START--
INFO: Run Behavior\WriteHtmlCacheBehavior [ RunTime:0.010001s ]
INFO: [ view_filter ] --END-- [ RunTime:0.011001s ]

[ 2017-07-09T20:25:53+08:00 ] ::1 /TP/Admin/Companynews/companynewsadd.html
INFO: [ app_init ] --START--
INFO: Run Behavior\BuildLiteBehavior [ RunTime:0.000000s ]
INFO: [ app_init ] --END-- [ RunTime:0.001000s ]
INFO: [ app_begin ] --START--
INFO: Run Behavior\ReadHtmlCacheBehavior [ RunTime:0.001000s ]
INFO: [ app_begin ] --END-- [ RunTime:0.001000s ]
SQL: SHOW COLUMNS FROM `zfhc_auth_group_access` [ RunTime:0.0060s ]
SQL: SELECT `uid`,`group_id`,`title`,`rules` FROM zfhc_auth_group_access a INNER JOIN zfhc_auth_group g on a.group_id=g.id  WHERE ( a.uid='1' and g.status='1' )  [ RunTime:0.0010s ]
NOTIC: [8] Undefined index: id D:\xampp\htdocs\TP\Application\Common\Common\function.php 第 17 行.
NOTIC: [2] in_array() expects parameter 2 to be array, null given D:\xampp\htdocs\TP\Application\Common\Common\function.php 第 17 行.
SQL: SHOW COLUMNS FROM `zfhc_auth_rule` [ RunTime:0.0050s ]
SQL: SELECT `condition`,`name` FROM `zfhc_auth_rule` WHERE `id` IN ('') AND `type` = 1 AND `status` = 1  [ RunTime:0.0000s ]
INFO: [ view_parse ] --START--
INFO: [ template_filter ] --START--
INFO: Run Behavior\ContentReplaceBehavior [ RunTime:0.000000s ]
INFO: [ template_filter ] --END-- [ RunTime:0.000000s ]
INFO: Run Behavior\ParseTemplateBehavior [ RunTime:0.018001s ]
INFO: [ view_parse ] --END-- [ RunTime:0.018001s ]
INFO: [ view_filter ] --START--
INFO: Run Behavior\WriteHtmlCacheBehavior [ RunTime:0.000000s ]
INFO: [ view_filter ] --END-- [ RunTime:0.000000s ]
INFO: [ app_end ] --START--
INFO: Run Behavior\ShowPageTraceBehavior [ RunTime:0.022002s ]
INFO: [ app_end ] --END-- [ RunTime:0.022002s ]

[ 2017-07-09T20:27:43+08:00 ] ::1 /TP/Admin/Companynews/SaveInfo.html
INFO: [ app_init ] --START--
INFO: Run Behavior\BuildLiteBehavior [ RunTime:0.000000s ]
INFO: [ app_init ] --END-- [ RunTime:0.001001s ]
INFO: [ app_begin ] --START--
INFO: Run Behavior\ReadHtmlCacheBehavior [ RunTime:0.000000s ]
INFO: [ app_begin ] --END-- [ RunTime:0.000000s ]
SQL: SHOW COLUMNS FROM `zfhc_auth_group_access` [ RunTime:0.0050s ]
SQL: SELECT `uid`,`group_id`,`title`,`rules` FROM zfhc_auth_group_access a INNER JOIN zfhc_auth_group g on a.group_id=g.id  WHERE ( a.uid='1' and g.status='1' )  [ RunTime:0.0010s ]
NOTIC: [8] Undefined index: id D:\xampp\htdocs\TP\Application\Common\Common\function.php 第 17 行.
NOTIC: [2] in_array() expects parameter 2 to be array, null given D:\xampp\htdocs\TP\Application\Common\Common\function.php 第 17 行.
SQL: SHOW COLUMNS FROM `zfhc_auth_rule` [ RunTime:0.0050s ]
SQL: SELECT `condition`,`name` FROM `zfhc_auth_rule` WHERE `id` IN ('') AND `type` = 1 AND `status` = 1  [ RunTime:0.0000s ]
INFO: [ view_parse ] --START--
INFO: [ template_filter ] --START--
INFO: Run Behavior\ContentReplaceBehavior [ RunTime:0.000000s ]
INFO: [ template_filter ] --END-- [ RunTime:0.001000s ]
INFO: Run Behavior\ParseTemplateBehavior [ RunTime:0.014001s ]
INFO: [ view_parse ] --END-- [ RunTime:0.014001s ]
INFO: [ view_filter ] --START--
INFO: Run Behavior\WriteHtmlCacheBehavior [ RunTime:0.001000s ]
INFO: [ view_filter ] --END-- [ RunTime:0.001000s ]

[ 2017-07-09T20:29:41+08:00 ] ::1 /TP/Admin/Companynews/SaveInfo.html
INFO: [ app_init ] --START--
INFO: Run Behavior\BuildLiteBehavior [ RunTime:0.000000s ]
INFO: [ app_init ] --END-- [ RunTime:0.000000s ]
INFO: [ app_begin ] --START--
INFO: Run Behavior\ReadHtmlCacheBehavior [ RunTime:0.001000s ]
INFO: [ app_begin ] --END-- [ RunTime:0.001000s ]
SQL: SHOW COLUMNS FROM `zfhc_auth_group_access` [ RunTime:0.0030s ]
SQL: SELECT `uid`,`group_id`,`title`,`rules` FROM zfhc_auth_group_access a INNER JOIN zfhc_auth_group g on a.group_id=g.id  WHERE ( a.uid='1' and g.status='1' )  [ RunTime:0.0010s ]
NOTIC: [8] Undefined index: id D:\xampp\htdocs\TP\Application\Common\Common\function.php 第 17 行.
NOTIC: [2] in_array() expects parameter 2 to be array, null given D:\xampp\htdocs\TP\Application\Common\Common\function.php 第 17 行.
SQL: SHOW COLUMNS FROM `zfhc_auth_rule` [ RunTime:0.0020s ]
SQL: SELECT `condition`,`name` FROM `zfhc_auth_rule` WHERE `id` IN ('') AND `type` = 1 AND `status` = 1  [ RunTime:0.0000s ]

[ 2017-07-09T20:31:57+08:00 ] ::1 /TP/Admin/Companynews/SaveInfo.html
INFO: [ app_init ] --START--
INFO: Run Behavior\BuildLiteBehavior [ RunTime:0.000000s ]
INFO: [ app_init ] --END-- [ RunTime:0.000000s ]
INFO: [ app_begin ] --START--
INFO: Run Behavior\ReadHtmlCacheBehavior [ RunTime:0.001000s ]
INFO: [ app_begin ] --END-- [ RunTime:0.001000s ]
SQL: SHOW COLUMNS FROM `zfhc_auth_group_access` [ RunTime:0.0050s ]
SQL: SELECT `uid`,`group_id`,`title`,`rules` FROM zfhc_auth_group_access a INNER JOIN zfhc_auth_group g on a.group_id=g.id  WHERE ( a.uid='1' and g.status='1' )  [ RunTime:0.0010s ]
NOTIC: [8] Undefined index: id D:\xampp\htdocs\TP\Application\Common\Common\function.php 第 17 行.
NOTIC: [2] in_array() expects parameter 2 to be array, null given D:\xampp\htdocs\TP\Application\Common\Common\function.php 第 17 行.
SQL: SHOW COLUMNS FROM `zfhc_auth_rule` [ RunTime:0.0060s ]
SQL: SELECT `condition`,`name` FROM `zfhc_auth_rule` WHERE `id` IN ('') AND `type` = 1 AND `status` = 1  [ RunTime:0.0010s ]
SQL: SHOW COLUMNS FROM `zfhc_companynews` [ RunTime:0.0060s ]
SQL: INSERT INTO `zfhc_companynews` (`name`) VALUES ('123') [ RunTime:0.0540s ]
INFO: [ view_parse ] --START--
INFO: [ template_filter ] --START--
INFO: Run Behavior\ContentReplaceBehavior [ RunTime:0.000000s ]
INFO: [ template_filter ] --END-- [ RunTime:0.001000s ]
INFO: Run Behavior\ParseTemplateBehavior [ RunTime:0.013001s ]
INFO: [ view_parse ] --END-- [ RunTime:0.014001s ]
INFO: [ view_filter ] --START--
INFO: Run Behavior\WriteHtmlCacheBehavior [ RunTime:0.001000s ]
INFO: [ view_filter ] --END-- [ RunTime:0.001000s ]
INFO: [ app_end ] --START--
INFO: Run Behavior\ShowPageTraceBehavior [ RunTime:0.001000s ]
INFO: [ app_end ] --END-- [ RunTime:0.001000s ]

[ 2017-07-09T20:31:59+08:00 ] ::1 /TP/Admin/Companynews/Companynews.html
INFO: [ app_init ] --START--
INFO: Run Behavior\BuildLiteBehavior [ RunTime:0.000000s ]
INFO: [ app_init ] --END-- [ RunTime:0.000000s ]
INFO: [ app_begin ] --START--
INFO: Run Behavior\ReadHtmlCacheBehavior [ RunTime:0.000000s ]
INFO: [ app_begin ] --END-- [ RunTime:0.000000s ]
SQL: SHOW COLUMNS FROM `zfhc_auth_group_access` [ RunTime:0.0050s ]
SQL: SELECT `uid`,`group_id`,`title`,`rules` FROM zfhc_auth_group_access a INNER JOIN zfhc_auth_group g on a.group_id=g.id  WHERE ( a.uid='1' and g.status='1' )  [ RunTime:0.0010s ]
NOTIC: [8] Undefined index: id D:\xampp\htdocs\TP\Application\Common\Common\function.php 第 17 行.
NOTIC: [2] in_array() expects parameter 2 to be array, null given D:\xampp\htdocs\TP\Application\Common\Common\function.php 第 17 行.
SQL: SHOW COLUMNS FROM `zfhc_auth_rule` [ RunTime:0.0050s ]
SQL: SELECT `condition`,`name` FROM `zfhc_auth_rule` WHERE `id` IN ('') AND `type` = 1 AND `status` = 1  [ RunTime:0.0000s ]
SQL: SHOW COLUMNS FROM `zfhc_companynews` [ RunTime:0.0050s ]
SQL: SELECT COUNT(*) AS tp_count FROM `zfhc_companynews` LIMIT 1   [ RunTime:0.0000s ]
SQL: SELECT `id`,`name`,`editorvalue` FROM `zfhc_companynews` ORDER BY id desc LIMIT 0,8   [ RunTime:0.0010s ]
INFO: [ view_parse ] --START--
INFO: [ template_filter ] --START--
INFO: Run Behavior\ContentReplaceBehavior [ RunTime:0.000000s ]
INFO: [ template_filter ] --END-- [ RunTime:0.000000s ]
NOTIC: [8] Undefined index: photo D:\xampp\htdocs\TP\Application\Runtime\Cache\Admin\7a4d1eb15e7e2d11c83cd3e3cabe3762.php 第 173 行.
NOTIC: [8] Undefined index: url D:\xampp\htdocs\TP\Application\Runtime\Cache\Admin\7a4d1eb15e7e2d11c83cd3e3cabe3762.php 第 174 行.
NOTIC: [8] Undefined index: describe D:\xampp\htdocs\TP\Application\Runtime\Cache\Admin\7a4d1eb15e7e2d11c83cd3e3cabe3762.php 第 175 行.
NOTIC: [8] Undefined index: sort D:\xampp\htdocs\TP\Application\Runtime\Cache\Admin\7a4d1eb15e7e2d11c83cd3e3cabe3762.php 第 176 行.
NOTIC: [8] Undefined index: belong D:\xampp\htdocs\TP\Application\Runtime\Cache\Admin\7a4d1eb15e7e2d11c83cd3e3cabe3762.php 第 177 行.
NOTIC: [8] Undefined index: create_time D:\xampp\htdocs\TP\Application\Runtime\Cache\Admin\7a4d1eb15e7e2d11c83cd3e3cabe3762.php 第 178 行.
INFO: Run Behavior\ParseTemplateBehavior [ RunTime:0.026002s ]
INFO: [ view_parse ] --END-- [ RunTime:0.026002s ]
INFO: [ view_filter ] --START--
INFO: Run Behavior\WriteHtmlCacheBehavior [ RunTime:0.001000s ]
INFO: [ view_filter ] --END-- [ RunTime:0.001000s ]
INFO: [ app_end ] --START--
INFO: Run Behavior\ShowPageTraceBehavior [ RunTime:0.001000s ]
INFO: [ app_end ] --END-- [ RunTime:0.001000s ]

[ 2017-07-09T20:33:35+08:00 ] ::1 /TP/Admin/Companynews/companynewsadd.html
INFO: [ app_init ] --START--
INFO: Run Behavior\BuildLiteBehavior [ RunTime:0.000000s ]
INFO: [ app_init ] --END-- [ RunTime:0.000000s ]
INFO: [ app_begin ] --START--
INFO: Run Behavior\ReadHtmlCacheBehavior [ RunTime:0.000000s ]
INFO: [ app_begin ] --END-- [ RunTime:0.001000s ]
SQL: SHOW COLUMNS FROM `zfhc_auth_group_access` [ RunTime:0.0060s ]
SQL: SELECT `uid`,`group_id`,`title`,`rules` FROM zfhc_auth_group_access a INNER JOIN zfhc_auth_group g on a.group_id=g.id  WHERE ( a.uid='1' and g.status='1' )  [ RunTime:0.0010s ]
NOTIC: [8] Undefined index: id D:\xampp\htdocs\TP\Application\Common\Common\function.php 第 17 行.
NOTIC: [2] in_array() expects parameter 2 to be array, null given D:\xampp\htdocs\TP\Application\Common\Common\function.php 第 17 行.
SQL: SHOW COLUMNS FROM `zfhc_auth_rule` [ RunTime:0.0060s ]
SQL: SELECT `condition`,`name` FROM `zfhc_auth_rule` WHERE `id` IN ('') AND `type` = 1 AND `status` = 1  [ RunTime:0.0010s ]
INFO: [ view_parse ] --START--
INFO: [ template_filter ] --START--
INFO: Run Behavior\ContentReplaceBehavior [ RunTime:0.000000s ]
INFO: [ template_filter ] --END-- [ RunTime:0.000000s ]
INFO: Run Behavior\ParseTemplateBehavior [ RunTime:0.020001s ]
INFO: [ view_parse ] --END-- [ RunTime:0.020001s ]
INFO: [ view_filter ] --START--
INFO: Run Behavior\WriteHtmlCacheBehavior [ RunTime:0.001000s ]
INFO: [ view_filter ] --END-- [ RunTime:0.002000s ]
INFO: [ app_end ] --START--
INFO: Run Behavior\ShowPageTraceBehavior [ RunTime:0.001000s ]
INFO: [ app_end ] --END-- [ RunTime:0.001000s ]

[ 2017-07-09T20:33:45+08:00 ] ::1 /TP/Admin/Companynews/SaveInfo.html
INFO: [ app_init ] --START--
INFO: Run Behavior\BuildLiteBehavior [ RunTime:0.000000s ]
INFO: [ app_init ] --END-- [ RunTime:0.000000s ]
INFO: [ app_begin ] --START--
INFO: Run Behavior\ReadHtmlCacheBehavior [ RunTime:0.001000s ]
INFO: [ app_begin ] --END-- [ RunTime:0.001000s ]
SQL: SHOW COLUMNS FROM `zfhc_auth_group_access` [ RunTime:0.0070s ]
SQL: SELECT `uid`,`group_id`,`title`,`rules` FROM zfhc_auth_group_access a INNER JOIN zfhc_auth_group g on a.group_id=g.id  WHERE ( a.uid='1' and g.status='1' )  [ RunTime:0.0010s ]
NOTIC: [8] Undefined index: id D:\xampp\htdocs\TP\Application\Common\Common\function.php 第 17 行.
NOTIC: [2] in_array() expects parameter 2 to be array, null given D:\xampp\htdocs\TP\Application\Common\Common\function.php 第 17 行.
SQL: SHOW COLUMNS FROM `zfhc_auth_rule` [ RunTime:0.0050s ]
SQL: SELECT `condition`,`name` FROM `zfhc_auth_rule` WHERE `id` IN ('') AND `type` = 1 AND `status` = 1  [ RunTime:0.0000s ]
NOTIC: [8] Undefined index: savePath D:\xampp\htdocs\TP\Application\Admin\Controller\CompanynewsController.class.php 第 34 行.

[ 2017-07-09T20:34:44+08:00 ] ::1 /TP/Admin/Companynews/SaveInfo.html
INFO: [ app_init ] --START--
INFO: Run Behavior\BuildLiteBehavior [ RunTime:0.000000s ]
INFO: [ app_init ] --END-- [ RunTime:0.000000s ]
INFO: [ app_begin ] --START--
INFO: Run Behavior\ReadHtmlCacheBehavior [ RunTime:0.001000s ]
INFO: [ app_begin ] --END-- [ RunTime:0.001000s ]
SQL: SHOW COLUMNS FROM `zfhc_auth_group_access` [ RunTime:0.0050s ]
SQL: SELECT `uid`,`group_id`,`title`,`rules` FROM zfhc_auth_group_access a INNER JOIN zfhc_auth_group g on a.group_id=g.id  WHERE ( a.uid='1' and g.status='1' )  [ RunTime:0.0010s ]
NOTIC: [8] Undefined index: id D:\xampp\htdocs\TP\Application\Common\Common\function.php 第 17 行.
NOTIC: [2] in_array() expects parameter 2 to be array, null given D:\xampp\htdocs\TP\Application\Common\Common\function.php 第 17 行.
SQL: SHOW COLUMNS FROM `zfhc_auth_rule` [ RunTime:0.0050s ]
SQL: SELECT `condition`,`name` FROM `zfhc_auth_rule` WHERE `id` IN ('') AND `type` = 1 AND `status` = 1  [ RunTime:0.0010s ]
NOTIC: [8] Undefined index: savePath D:\xampp\htdocs\TP\Application\Admin\Controller\CompanynewsController.class.php 第 34 行.

[ 2017-07-09T20:41:45+08:00 ] ::1 /TP/Admin/Companynews/SaveInfo.html
INFO: [ app_init ] --START--
INFO: Run Behavior\BuildLiteBehavior [ RunTime:0.000000s ]
INFO: [ app_init ] --END-- [ RunTime:0.000000s ]
INFO: [ app_begin ] --START--
INFO: Run Behavior\ReadHtmlCacheBehavior [ RunTime:0.001000s ]
INFO: [ app_begin ] --END-- [ RunTime:0.001000s ]
SQL: SHOW COLUMNS FROM `zfhc_auth_group_access` [ RunTime:0.0060s ]
SQL: SELECT `uid`,`group_id`,`title`,`rules` FROM zfhc_auth_group_access a INNER JOIN zfhc_auth_group g on a.group_id=g.id  WHERE ( a.uid='1' and g.status='1' )  [ RunTime:0.0010s ]
NOTIC: [8] Undefined index: id D:\xampp\htdocs\TP\Application\Common\Common\function.php 第 17 行.
NOTIC: [2] in_array() expects parameter 2 to be array, null given D:\xampp\htdocs\TP\Application\Common\Common\function.php 第 17 行.
SQL: SHOW COLUMNS FROM `zfhc_auth_rule` [ RunTime:0.0070s ]
SQL: SELECT `condition`,`name` FROM `zfhc_auth_rule` WHERE `id` IN ('') AND `type` = 1 AND `status` = 1  [ RunTime:0.0010s ]
NOTIC: [8] Undefined index: savePath D:\xampp\htdocs\TP\Application\Admin\Controller\CompanynewsController.class.php 第 34 行.

[ 2017-07-09T20:54:03+08:00 ] ::1 /TP/Admin/Companynews/SaveInfo.html
INFO: [ app_init ] --START--
INFO: Run Behavior\BuildLiteBehavior [ RunTime:0.000000s ]
INFO: [ app_init ] --END-- [ RunTime:0.000000s ]
INFO: [ app_begin ] --START--
INFO: Run Behavior\ReadHtmlCacheBehavior [ RunTime:0.001000s ]
INFO: [ app_begin ] --END-- [ RunTime:0.001000s ]
SQL: SHOW COLUMNS FROM `zfhc_auth_group_access` [ RunTime:0.0030s ]
SQL: SELECT `uid`,`group_id`,`title`,`rules` FROM zfhc_auth_group_access a INNER JOIN zfhc_auth_group g on a.group_id=g.id  WHERE ( a.uid='1' and g.status='1' )  [ RunTime:0.0010s ]
NOTIC: [8] Undefined index: id D:\xampp\htdocs\TP\Application\Common\Common\function.php 第 17 行.
NOTIC: [2] in_array() expects parameter 2 to be array, null given D:\xampp\htdocs\TP\Application\Common\Common\function.php 第 17 行.
SQL: SHOW COLUMNS FROM `zfhc_auth_rule` [ RunTime:0.0020s ]
SQL: SELECT `condition`,`name` FROM `zfhc_auth_rule` WHERE `id` IN ('') AND `type` = 1 AND `status` = 1  [ RunTime:0.0000s ]
NOTIC: [8] Undefined index: savePath D:\xampp\htdocs\TP\Application\Admin\Controller\CompanynewsController.class.php 第 34 行.

[ 2017-07-09T20:54:49+08:00 ] ::1 /TP/Admin/Companynews/SaveInfo.html
INFO: [ app_init ] --START--
INFO: Run Behavior\BuildLiteBehavior [ RunTime:0.001000s ]
INFO: [ app_init ] --END-- [ RunTime:0.001000s ]
INFO: [ app_begin ] --START--
INFO: Run Behavior\ReadHtmlCacheBehavior [ RunTime:0.001000s ]
INFO: [ app_begin ] --END-- [ RunTime:0.001000s ]
SQL: SHOW COLUMNS FROM `zfhc_auth_group_access` [ RunTime:0.0050s ]
SQL: SELECT `uid`,`group_id`,`title`,`rules` FROM zfhc_auth_group_access a INNER JOIN zfhc_auth_group g on a.group_id=g.id  WHERE ( a.uid='1' and g.status='1' )  [ RunTime:0.0000s ]
NOTIC: [8] Undefined index: id D:\xampp\htdocs\TP\Application\Common\Common\function.php 第 17 行.
NOTIC: [2] in_array() expects parameter 2 to be array, null given D:\xampp\htdocs\TP\Application\Common\Common\function.php 第 17 行.
SQL: SHOW COLUMNS FROM `zfhc_auth_rule` [ RunTime:0.0040s ]
SQL: SELECT `condition`,`name` FROM `zfhc_auth_rule` WHERE `id` IN ('') AND `type` = 1 AND `status` = 1  [ RunTime:0.0000s ]
NOTIC: [8] Undefined index: savePath D:\xampp\htdocs\TP\Application\Admin\Controller\CompanynewsController.class.php 第 34 行.

[ 2017-07-09T20:54:55+08:00 ] ::1 /TP/Admin/Companynews/companynewsadd.html
INFO: [ app_init ] --START--
INFO: Run Behavior\BuildLiteBehavior [ RunTime:0.000000s ]
INFO: [ app_init ] --END-- [ RunTime:0.000000s ]
INFO: [ app_begin ] --START--
INFO: Run Behavior\ReadHtmlCacheBehavior [ RunTime:0.000000s ]
INFO: [ app_begin ] --END-- [ RunTime:0.000000s ]
SQL: SHOW COLUMNS FROM `zfhc_auth_group_access` [ RunTime:0.0050s ]
SQL: SELECT `uid`,`group_id`,`title`,`rules` FROM zfhc_auth_group_access a INNER JOIN zfhc_auth_group g on a.group_id=g.id  WHERE ( a.uid='1' and g.status='1' )  [ RunTime:0.0000s ]
NOTIC: [8] Undefined index: id D:\xampp\htdocs\TP\Application\Common\Common\function.php 第 17 行.
NOTIC: [2] in_array() expects parameter 2 to be array, null given D:\xampp\htdocs\TP\Application\Common\Common\function.php 第 17 行.
SQL: SHOW COLUMNS FROM `zfhc_auth_rule` [ RunTime:0.0050s ]
SQL: SELECT `condition`,`name` FROM `zfhc_auth_rule` WHERE `id` IN ('') AND `type` = 1 AND `status` = 1  [ RunTime:0.0010s ]
INFO: [ view_parse ] --START--
INFO: [ template_filter ] --START--
INFO: Run Behavior\ContentReplaceBehavior [ RunTime:0.000000s ]
INFO: [ template_filter ] --END-- [ RunTime:0.000000s ]
INFO: Run Behavior\ParseTemplateBehavior [ RunTime:0.090005s ]
INFO: [ view_parse ] --END-- [ RunTime:0.090005s ]
INFO: [ view_filter ] --START--
INFO: Run Behavior\WriteHtmlCacheBehavior [ RunTime:0.016001s ]
INFO: [ view_filter ] --END-- [ RunTime:0.016001s ]
INFO: [ app_end ] --START--
INFO: Run Behavior\ShowPageTraceBehavior [ RunTime:0.011000s ]
INFO: [ app_end ] --END-- [ RunTime:0.011000s ]

[ 2017-07-09T20:55:02+08:00 ] ::1 /TP/Admin/Admin/Ueditor.html
INFO: [ app_init ] --START--
INFO: Run Behavior\BuildLiteBehavior [ RunTime:0.000000s ]
INFO: [ app_init ] --END-- [ RunTime:0.001000s ]
INFO: [ app_begin ] --START--
INFO: Run Behavior\ReadHtmlCacheBehavior [ RunTime:0.001000s ]
INFO: [ app_begin ] --END-- [ RunTime:0.001000s ]
SQL: SHOW COLUMNS FROM `zfhc_auth_group_access` [ RunTime:0.0050s ]
SQL: SELECT `uid`,`group_id`,`title`,`rules` FROM zfhc_auth_group_access a INNER JOIN zfhc_auth_group g on a.group_id=g.id  WHERE ( a.uid='1' and g.status='1' )  [ RunTime:0.0000s ]
NOTIC: [8] Undefined index: id D:\xampp\htdocs\TP\Application\Common\Common\function.php 第 17 行.
NOTIC: [2] in_array() expects parameter 2 to be array, null given D:\xampp\htdocs\TP\Application\Common\Common\function.php 第 17 行.
SQL: SHOW COLUMNS FROM `zfhc_auth_rule` [ RunTime:0.0040s ]
SQL: SELECT `condition`,`name` FROM `zfhc_auth_rule` WHERE `id` IN ('') AND `type` = 1 AND `status` = 1  [ RunTime:0.0000s ]
ERR: 非法操作:Ueditor

