[ 2017-07-11T15:53:19+08:00 ] ::1 /TP/Admin/Slideshow/slideshow.html
INFO: [ app_init ] --START--
INFO: Run Behavior\BuildLiteBehavior [ RunTime:0.000000s ]
INFO: [ app_init ] --END-- [ RunTime:0.001000s ]
INFO: [ app_begin ] --START--
INFO: Run Behavior\ReadHtmlCacheBehavior [ RunTime:0.001000s ]
INFO: [ app_begin ] --END-- [ RunTime:0.001000s ]

[ 2017-07-11T15:53:19+08:00 ] ::1 /TP/Admin/Login/index.html
INFO: [ app_init ] --START--
INFO: Run Behavior\BuildLiteBehavior [ RunTime:0.000000s ]
INFO: [ app_init ] --END-- [ RunTime:0.001000s ]
INFO: [ app_begin ] --START--
INFO: Run Behavior\ReadHtmlCacheBehavior [ RunTime:0.001000s ]
INFO: [ app_begin ] --END-- [ RunTime:0.001000s ]
INFO: [ view_parse ] --START--
INFO: [ template_filter ] --START--
INFO: Run Behavior\ContentReplaceBehavior [ RunTime:0.000000s ]
INFO: [ template_filter ] --END-- [ RunTime:0.000000s ]
INFO: Run Behavior\ParseTemplateBehavior [ RunTime:0.034002s ]
INFO: [ view_parse ] --END-- [ RunTime:0.034002s ]
INFO: [ view_filter ] --START--
INFO: Run Behavior\WriteHtmlCacheBehavior [ RunTime:0.002000s ]
INFO: [ view_filter ] --END-- [ RunTime:0.002000s ]
INFO: [ app_end ] --START--
INFO: Run Behavior\ShowPageTraceBehavior [ RunTime:0.001000s ]
INFO: [ app_end ] --END-- [ RunTime:0.001000s ]

[ 2017-07-11T15:53:20+08:00 ] ::1 /TP/Admin/Login/verify
INFO: [ app_init ] --START--
INFO: Run Behavior\BuildLiteBehavior [ RunTime:0.000000s ]
INFO: [ app_init ] --END-- [ RunTime:0.001000s ]
INFO: [ app_begin ] --START--
INFO: Run Behavior\ReadHtmlCacheBehavior [ RunTime:0.001000s ]
INFO: [ app_begin ] --END-- [ RunTime:0.001000s ]
INFO: [ app_end ] --START--
INFO: Run Behavior\ShowPageTraceBehavior [ RunTime:0.000000s ]
INFO: [ app_end ] --END-- [ RunTime:0.000000s ]

[ 2017-07-11T15:53:26+08:00 ] ::1 /TP/Admin/Login/checkLogin
INFO: [ app_init ] --START--
INFO: Run Behavior\BuildLiteBehavior [ RunTime:0.000000s ]
INFO: [ app_init ] --END-- [ RunTime:0.001000s ]
INFO: [ app_begin ] --START--
INFO: Run Behavior\ReadHtmlCacheBehavior [ RunTime:0.000000s ]
INFO: [ app_begin ] --END-- [ RunTime:0.000000s ]
INFO: [ view_parse ] --START--
INFO: [ template_filter ] --START--
INFO: Run Behavior\ContentReplaceBehavior [ RunTime:0.000000s ]
INFO: [ template_filter ] --END-- [ RunTime:0.000000s ]
INFO: Run Behavior\ParseTemplateBehavior [ RunTime:0.079005s ]
INFO: [ view_parse ] --END-- [ RunTime:0.079005s ]
INFO: [ view_filter ] --START--
INFO: Run Behavior\WriteHtmlCacheBehavior [ RunTime:0.000000s ]
INFO: [ view_filter ] --END-- [ RunTime:0.001000s ]

[ 2017-07-11T15:53:29+08:00 ] ::1 /TP/Admin/Login/index.html
INFO: [ app_init ] --START--
INFO: Run Behavior\BuildLiteBehavior [ RunTime:0.000000s ]
INFO: [ app_init ] --END-- [ RunTime:0.000000s ]
INFO: [ app_begin ] --START--
INFO: Run Behavior\ReadHtmlCacheBehavior [ RunTime:0.001000s ]
INFO: [ app_begin ] --END-- [ RunTime:0.001000s ]
INFO: [ view_parse ] --START--
INFO: [ template_filter ] --START--
INFO: Run Behavior\ContentReplaceBehavior [ RunTime:0.000000s ]
INFO: [ template_filter ] --END-- [ RunTime:0.000000s ]
INFO: Run Behavior\ParseTemplateBehavior [ RunTime:0.006000s ]
INFO: [ view_parse ] --END-- [ RunTime:0.006000s ]
INFO: [ view_filter ] --START--
INFO: Run Behavior\WriteHtmlCacheBehavior [ RunTime:0.000000s ]
INFO: [ view_filter ] --END-- [ RunTime:0.000000s ]
INFO: [ app_end ] --START--
INFO: Run Behavior\ShowPageTraceBehavior [ RunTime:0.001001s ]
INFO: [ app_end ] --END-- [ RunTime:0.001001s ]

[ 2017-07-11T15:53:29+08:00 ] ::1 /TP/Admin/Login/verify
INFO: [ app_init ] --START--
INFO: Run Behavior\BuildLiteBehavior [ RunTime:0.000000s ]
INFO: [ app_init ] --END-- [ RunTime:0.001000s ]
INFO: [ app_begin ] --START--
INFO: Run Behavior\ReadHtmlCacheBehavior [ RunTime:0.001000s ]
INFO: [ app_begin ] --END-- [ RunTime:0.001000s ]
INFO: [ app_end ] --START--
INFO: Run Behavior\ShowPageTraceBehavior [ RunTime:0.000000s ]
INFO: [ app_end ] --END-- [ RunTime:0.001000s ]

[ 2017-07-11T15:53:41+08:00 ] ::1 /TP/Admin/Login/checkLogin
INFO: [ app_init ] --START--
INFO: Run Behavior\BuildLiteBehavior [ RunTime:0.000000s ]
INFO: [ app_init ] --END-- [ RunTime:0.001000s ]
INFO: [ app_begin ] --START--
INFO: Run Behavior\ReadHtmlCacheBehavior [ RunTime:0.000000s ]
INFO: [ app_begin ] --END-- [ RunTime:0.000000s ]
SQL: SHOW COLUMNS FROM `zfhc_members` [ RunTime:0.0430s ]
SQL: SELECT * FROM `zfhc_members` WHERE `username` = 'admin' AND `password` = '21232f297a57a5a743894a0e4a801fc3' LIMIT 1   [ RunTime:0.0210s ]
INFO: [ view_parse ] --START--
INFO: [ template_filter ] --START--
INFO: Run Behavior\ContentReplaceBehavior [ RunTime:0.000000s ]
INFO: [ template_filter ] --END-- [ RunTime:0.000000s ]
INFO: Run Behavior\ParseTemplateBehavior [ RunTime:0.011000s ]
INFO: [ view_parse ] --END-- [ RunTime:0.012001s ]
INFO: [ view_filter ] --START--
INFO: Run Behavior\WriteHtmlCacheBehavior [ RunTime:0.000000s ]
INFO: [ view_filter ] --END-- [ RunTime:0.000000s ]
INFO: [ app_end ] --START--
INFO: Run Behavior\ShowPageTraceBehavior [ RunTime:0.001000s ]
INFO: [ app_end ] --END-- [ RunTime:0.001000s ]

[ 2017-07-11T15:53:44+08:00 ] ::1 /TP/Admin/Index/index.html
INFO: [ app_init ] --START--
INFO: Run Behavior\BuildLiteBehavior [ RunTime:0.000000s ]
INFO: [ app_init ] --END-- [ RunTime:0.000000s ]
INFO: [ app_begin ] --START--
INFO: Run Behavior\ReadHtmlCacheBehavior [ RunTime:0.001000s ]
INFO: [ app_begin ] --END-- [ RunTime:0.001000s ]
SQL: SHOW COLUMNS FROM `zfhc_auth_group_access` [ RunTime:0.0740s ]
SQL: SELECT `uid`,`group_id`,`title`,`rules` FROM zfhc_auth_group_access a INNER JOIN zfhc_auth_group g on a.group_id=g.id  WHERE ( a.uid='1' and g.status='1' )  [ RunTime:0.0590s ]
NOTIC: [8] Undefined index: id D:\xampp\htdocs\TP\Application\Common\Common\function.php 第 17 行.
NOTIC: [2] in_array() expects parameter 2 to be array, null given D:\xampp\htdocs\TP\Application\Common\Common\function.php 第 17 行.
SQL: SHOW COLUMNS FROM `zfhc_auth_rule` [ RunTime:0.0100s ]
SQL: SELECT `condition`,`name` FROM `zfhc_auth_rule` WHERE `id` IN ('') AND `type` = 1 AND `status` = 1  [ RunTime:0.0010s ]
SQL: SHOW COLUMNS FROM `zfhc_dhl` [ RunTime:0.0190s ]
SQL: SELECT COUNT(*) AS tp_count FROM `zfhc_dhl` LIMIT 1   [ RunTime:0.0180s ]
SQL: SELECT * FROM `zfhc_dhl` ORDER BY id desc LIMIT 0,10   [ RunTime:0.0010s ]
INFO: [ view_parse ] --START--
INFO: [ template_filter ] --START--
INFO: Run Behavior\ContentReplaceBehavior [ RunTime:0.000000s ]
INFO: [ template_filter ] --END-- [ RunTime:0.000000s ]
NOTIC: [8] Undefined index: id D:\xampp\htdocs\TP\Application\Common\Common\function.php 第 17 行.
NOTIC: [2] in_array() expects parameter 2 to be array, null given D:\xampp\htdocs\TP\Application\Common\Common\function.php 第 17 行.
NOTIC: [8] Undefined index: id D:\xampp\htdocs\TP\Application\Common\Common\function.php 第 17 行.
NOTIC: [2] in_array() expects parameter 2 to be array, null given D:\xampp\htdocs\TP\Application\Common\Common\function.php 第 17 行.
NOTIC: [8] Undefined index: id D:\xampp\htdocs\TP\Application\Common\Common\function.php 第 17 行.
NOTIC: [2] in_array() expects parameter 2 to be array, null given D:\xampp\htdocs\TP\Application\Common\Common\function.php 第 17 行.
INFO: Run Behavior\ParseTemplateBehavior [ RunTime:0.046003s ]
INFO: [ view_parse ] --END-- [ RunTime:0.046003s ]
INFO: [ view_filter ] --START--
INFO: Run Behavior\WriteHtmlCacheBehavior [ RunTime:0.001000s ]
INFO: [ view_filter ] --END-- [ RunTime:0.001000s ]
INFO: [ app_end ] --START--
INFO: Run Behavior\ShowPageTraceBehavior [ RunTime:0.001000s ]
INFO: [ app_end ] --END-- [ RunTime:0.001000s ]

[ 2017-07-11T15:53:52+08:00 ] ::1 /TP/Admin/Member/memberList.html
INFO: [ app_init ] --START--
INFO: Run Behavior\BuildLiteBehavior [ RunTime:0.000000s ]
INFO: [ app_init ] --END-- [ RunTime:0.001000s ]
INFO: [ app_begin ] --START--
INFO: Run Behavior\ReadHtmlCacheBehavior [ RunTime:0.001000s ]
INFO: [ app_begin ] --END-- [ RunTime:0.001000s ]
SQL: SHOW COLUMNS FROM `zfhc_auth_group_access` [ RunTime:0.0050s ]
SQL: SELECT `uid`,`group_id`,`title`,`rules` FROM zfhc_auth_group_access a INNER JOIN zfhc_auth_group g on a.group_id=g.id  WHERE ( a.uid='1' and g.status='1' )  [ RunTime:0.0010s ]
NOTIC: [8] Undefined index: id D:\xampp\htdocs\TP\Application\Common\Common\function.php 第 17 行.
NOTIC: [2] in_array() expects parameter 2 to be array, null given D:\xampp\htdocs\TP\Application\Common\Common\function.php 第 17 行.
SQL: SHOW COLUMNS FROM `zfhc_auth_rule` [ RunTime:0.0060s ]
SQL: SELECT `condition`,`name` FROM `zfhc_auth_rule` WHERE `id` IN ('') AND `type` = 1 AND `status` = 1  [ RunTime:0.0000s ]
SQL: SHOW COLUMNS FROM `zfhc_members` [ RunTime:0.0060s ]
SQL: SELECT COUNT(*) AS tp_count FROM `zfhc_members` LIMIT 1   [ RunTime:0.0000s ]
SQL: SELECT `uid`,`username`,`score` FROM `zfhc_members` ORDER BY uid desc LIMIT 0,8   [ RunTime:0.0010s ]
INFO: [ view_parse ] --START--
INFO: [ template_filter ] --START--
INFO: Run Behavior\ContentReplaceBehavior [ RunTime:0.000000s ]
INFO: [ template_filter ] --END-- [ RunTime:0.000000s ]
INFO: Run Behavior\ParseTemplateBehavior [ RunTime:0.037002s ]
INFO: [ view_parse ] --END-- [ RunTime:0.037002s ]
INFO: [ view_filter ] --START--
INFO: Run Behavior\WriteHtmlCacheBehavior [ RunTime:0.000000s ]
INFO: [ view_filter ] --END-- [ RunTime:0.000000s ]
INFO: [ app_end ] --START--
INFO: Run Behavior\ShowPageTraceBehavior [ RunTime:0.001000s ]
INFO: [ app_end ] --END-- [ RunTime:0.001000s ]

[ 2017-07-11T15:53:55+08:00 ] ::1 /TP/Admin/Companynews/companynews.html
INFO: [ app_init ] --START--
INFO: Run Behavior\BuildLiteBehavior [ RunTime:0.000000s ]
INFO: [ app_init ] --END-- [ RunTime:0.000000s ]
INFO: [ app_begin ] --START--
INFO: Run Behavior\ReadHtmlCacheBehavior [ RunTime:0.001000s ]
INFO: [ app_begin ] --END-- [ RunTime:0.001000s ]
SQL: SHOW COLUMNS FROM `zfhc_auth_group_access` [ RunTime:0.0060s ]
SQL: SELECT `uid`,`group_id`,`title`,`rules` FROM zfhc_auth_group_access a INNER JOIN zfhc_auth_group g on a.group_id=g.id  WHERE ( a.uid='1' and g.status='1' )  [ RunTime:0.0000s ]
NOTIC: [8] Undefined index: id D:\xampp\htdocs\TP\Application\Common\Common\function.php 第 17 行.
NOTIC: [2] in_array() expects parameter 2 to be array, null given D:\xampp\htdocs\TP\Application\Common\Common\function.php 第 17 行.
SQL: SHOW COLUMNS FROM `zfhc_auth_rule` [ RunTime:0.0050s ]
SQL: SELECT `condition`,`name` FROM `zfhc_auth_rule` WHERE `id` IN ('') AND `type` = 1 AND `status` = 1  [ RunTime:0.0000s ]
SQL: SHOW COLUMNS FROM `zfhc_companynews` [ RunTime:0.0440s ]
SQL: SELECT COUNT(*) AS tp_count FROM `zfhc_companynews` LIMIT 1   [ RunTime:0.0000s ]
SQL: SELECT `id`,`name`,`editorvalue` FROM `zfhc_companynews` ORDER BY id desc LIMIT 0,8   [ RunTime:0.0020s ]
INFO: [ view_parse ] --START--
INFO: [ template_filter ] --START--
INFO: Run Behavior\ContentReplaceBehavior [ RunTime:0.000000s ]
INFO: [ template_filter ] --END-- [ RunTime:0.000000s ]
NOTIC: [8] Undefined index: photo D:\xampp\htdocs\TP\Application\Runtime\Cache\Admin\c773b5ae8d98645946e3139ad8e97591.php 第 173 行.
NOTIC: [8] Undefined index: url D:\xampp\htdocs\TP\Application\Runtime\Cache\Admin\c773b5ae8d98645946e3139ad8e97591.php 第 174 行.
NOTIC: [8] Undefined index: describe D:\xampp\htdocs\TP\Application\Runtime\Cache\Admin\c773b5ae8d98645946e3139ad8e97591.php 第 175 行.
NOTIC: [8] Undefined index: sort D:\xampp\htdocs\TP\Application\Runtime\Cache\Admin\c773b5ae8d98645946e3139ad8e97591.php 第 176 行.
NOTIC: [8] Undefined index: belong D:\xampp\htdocs\TP\Application\Runtime\Cache\Admin\c773b5ae8d98645946e3139ad8e97591.php 第 177 行.
NOTIC: [8] Undefined index: create_time D:\xampp\htdocs\TP\Application\Runtime\Cache\Admin\c773b5ae8d98645946e3139ad8e97591.php 第 178 行.
INFO: Run Behavior\ParseTemplateBehavior [ RunTime:0.039002s ]
INFO: [ view_parse ] --END-- [ RunTime:0.040002s ]
INFO: [ view_filter ] --START--
INFO: Run Behavior\WriteHtmlCacheBehavior [ RunTime:0.000000s ]
INFO: [ view_filter ] --END-- [ RunTime:0.000000s ]
INFO: [ app_end ] --START--
INFO: Run Behavior\ShowPageTraceBehavior [ RunTime:0.001001s ]
INFO: [ app_end ] --END-- [ RunTime:0.001001s ]

[ 2017-07-11T15:54:12+08:00 ] ::1 /TP/Admin/Companynews/companynews.html
INFO: [ app_init ] --START--
INFO: Run Behavior\BuildLiteBehavior [ RunTime:0.000000s ]
INFO: [ app_init ] --END-- [ RunTime:0.001000s ]
INFO: [ app_begin ] --START--
INFO: Run Behavior\ReadHtmlCacheBehavior [ RunTime:0.001000s ]
INFO: [ app_begin ] --END-- [ RunTime:0.002000s ]
SQL: SHOW COLUMNS FROM `zfhc_auth_group_access` [ RunTime:0.0030s ]
SQL: SELECT `uid`,`group_id`,`title`,`rules` FROM zfhc_auth_group_access a INNER JOIN zfhc_auth_group g on a.group_id=g.id  WHERE ( a.uid='1' and g.status='1' )  [ RunTime:0.0000s ]
NOTIC: [8] Undefined index: id D:\xampp\htdocs\TP\Application\Common\Common\function.php 第 17 行.
NOTIC: [2] in_array() expects parameter 2 to be array, null given D:\xampp\htdocs\TP\Application\Common\Common\function.php 第 17 行.
SQL: SHOW COLUMNS FROM `zfhc_auth_rule` [ RunTime:0.0030s ]
SQL: SELECT `condition`,`name` FROM `zfhc_auth_rule` WHERE `id` IN ('') AND `type` = 1 AND `status` = 1  [ RunTime:0.0000s ]
SQL: SHOW COLUMNS FROM `zfhc_companynews` [ RunTime:0.0030s ]
SQL: SELECT COUNT(*) AS tp_count FROM `zfhc_companynews` LIMIT 1   [ RunTime:0.0010s ]
SQL: SELECT `id`,`name`,`editorvalue` FROM `zfhc_companynews` ORDER BY id desc LIMIT 0,8   [ RunTime:0.0000s ]
INFO: [ view_parse ] --START--
INFO: [ template_filter ] --START--
INFO: Run Behavior\ContentReplaceBehavior [ RunTime:0.000000s ]
INFO: [ template_filter ] --END-- [ RunTime:0.000000s ]
NOTIC: [8] Undefined index: photo D:\xampp\htdocs\TP\Application\Runtime\Cache\Admin\c773b5ae8d98645946e3139ad8e97591.php 第 173 行.
NOTIC: [8] Undefined index: url D:\xampp\htdocs\TP\Application\Runtime\Cache\Admin\c773b5ae8d98645946e3139ad8e97591.php 第 174 行.
NOTIC: [8] Undefined index: describe D:\xampp\htdocs\TP\Application\Runtime\Cache\Admin\c773b5ae8d98645946e3139ad8e97591.php 第 175 行.
NOTIC: [8] Undefined index: sort D:\xampp\htdocs\TP\Application\Runtime\Cache\Admin\c773b5ae8d98645946e3139ad8e97591.php 第 176 行.
NOTIC: [8] Undefined index: belong D:\xampp\htdocs\TP\Application\Runtime\Cache\Admin\c773b5ae8d98645946e3139ad8e97591.php 第 177 行.
NOTIC: [8] Undefined index: create_time D:\xampp\htdocs\TP\Application\Runtime\Cache\Admin\c773b5ae8d98645946e3139ad8e97591.php 第 178 行.
INFO: Run Behavior\ParseTemplateBehavior [ RunTime:0.012000s ]
INFO: [ view_parse ] --END-- [ RunTime:0.012000s ]
INFO: [ view_filter ] --START--
INFO: Run Behavior\WriteHtmlCacheBehavior [ RunTime:0.000000s ]
INFO: [ view_filter ] --END-- [ RunTime:0.000000s ]
INFO: [ app_end ] --START--
INFO: Run Behavior\ShowPageTraceBehavior [ RunTime:0.000000s ]
INFO: [ app_end ] --END-- [ RunTime:0.000000s ]

[ 2017-07-11T15:54:16+08:00 ] ::1 /TP/Admin/Companynews/companynewsadd.html
INFO: [ app_init ] --START--
INFO: Run Behavior\BuildLiteBehavior [ RunTime:0.000000s ]
INFO: [ app_init ] --END-- [ RunTime:0.001000s ]
INFO: [ app_begin ] --START--
INFO: Run Behavior\ReadHtmlCacheBehavior [ RunTime:0.001000s ]
INFO: [ app_begin ] --END-- [ RunTime:0.001000s ]
SQL: SHOW COLUMNS FROM `zfhc_auth_group_access` [ RunTime:0.0050s ]
SQL: SELECT `uid`,`group_id`,`title`,`rules` FROM zfhc_auth_group_access a INNER JOIN zfhc_auth_group g on a.group_id=g.id  WHERE ( a.uid='1' and g.status='1' )  [ RunTime:0.0010s ]
NOTIC: [8] Undefined index: id D:\xampp\htdocs\TP\Application\Common\Common\function.php 第 17 行.
NOTIC: [2] in_array() expects parameter 2 to be array, null given D:\xampp\htdocs\TP\Application\Common\Common\function.php 第 17 行.
SQL: SHOW COLUMNS FROM `zfhc_auth_rule` [ RunTime:0.0050s ]
SQL: SELECT `condition`,`name` FROM `zfhc_auth_rule` WHERE `id` IN ('') AND `type` = 1 AND `status` = 1  [ RunTime:0.0010s ]
INFO: [ view_parse ] --START--
INFO: [ template_filter ] --START--
INFO: Run Behavior\ContentReplaceBehavior [ RunTime:0.000000s ]
INFO: [ template_filter ] --END-- [ RunTime:0.000000s ]
INFO: Run Behavior\ParseTemplateBehavior [ RunTime:0.075004s ]
INFO: [ view_parse ] --END-- [ RunTime:0.075004s ]
INFO: [ view_filter ] --START--
INFO: Run Behavior\WriteHtmlCacheBehavior [ RunTime:0.000000s ]
INFO: [ view_filter ] --END-- [ RunTime:0.000000s ]
INFO: [ app_end ] --START--
INFO: Run Behavior\ShowPageTraceBehavior [ RunTime:0.001000s ]
INFO: [ app_end ] --END-- [ RunTime:0.001000s ]

[ 2017-07-11T15:54:55+08:00 ] ::1 /TP/Admin/Companynews/companynewsadd.html
INFO: [ app_init ] --START--
INFO: Run Behavior\BuildLiteBehavior [ RunTime:0.000000s ]
INFO: [ app_init ] --END-- [ RunTime:0.001000s ]
INFO: [ app_begin ] --START--
INFO: Run Behavior\ReadHtmlCacheBehavior [ RunTime:0.000000s ]
INFO: [ app_begin ] --END-- [ RunTime:0.000000s ]
SQL: SHOW COLUMNS FROM `zfhc_auth_group_access` [ RunTime:0.0050s ]
SQL: SELECT `uid`,`group_id`,`title`,`rules` FROM zfhc_auth_group_access a INNER JOIN zfhc_auth_group g on a.group_id=g.id  WHERE ( a.uid='1' and g.status='1' )  [ RunTime:0.0010s ]
NOTIC: [8] Undefined index: id D:\xampp\htdocs\TP\Application\Common\Common\function.php 第 17 行.
NOTIC: [2] in_array() expects parameter 2 to be array, null given D:\xampp\htdocs\TP\Application\Common\Common\function.php 第 17 行.
SQL: SHOW COLUMNS FROM `zfhc_auth_rule` [ RunTime:0.0060s ]
SQL: SELECT `condition`,`name` FROM `zfhc_auth_rule` WHERE `id` IN ('') AND `type` = 1 AND `status` = 1  [ RunTime:0.0010s ]
INFO: [ view_parse ] --START--
INFO: [ template_filter ] --START--
INFO: Run Behavior\ContentReplaceBehavior [ RunTime:0.000000s ]
INFO: [ template_filter ] --END-- [ RunTime:0.000000s ]
INFO: Run Behavior\ParseTemplateBehavior [ RunTime:0.015001s ]
INFO: [ view_parse ] --END-- [ RunTime:0.015001s ]
INFO: [ view_filter ] --START--
INFO: Run Behavior\WriteHtmlCacheBehavior [ RunTime:0.000000s ]
INFO: [ view_filter ] --END-- [ RunTime:0.000000s ]
INFO: [ app_end ] --START--
INFO: Run Behavior\ShowPageTraceBehavior [ RunTime:0.001000s ]
INFO: [ app_end ] --END-- [ RunTime:0.001000s ]

[ 2017-07-11T15:55:04+08:00 ] ::1 /TP/Admin/Companynews/companynewsadd.html
INFO: [ app_init ] --START--
INFO: Run Behavior\BuildLiteBehavior [ RunTime:0.000000s ]
INFO: [ app_init ] --END-- [ RunTime:0.000000s ]
INFO: [ app_begin ] --START--
INFO: Run Behavior\ReadHtmlCacheBehavior [ RunTime:0.000000s ]
INFO: [ app_begin ] --END-- [ RunTime:0.000000s ]
SQL: SHOW COLUMNS FROM `zfhc_auth_group_access` [ RunTime:0.0050s ]
SQL: SELECT `uid`,`group_id`,`title`,`rules` FROM zfhc_auth_group_access a INNER JOIN zfhc_auth_group g on a.group_id=g.id  WHERE ( a.uid='1' and g.status='1' )  [ RunTime:0.0010s ]
NOTIC: [8] Undefined index: id D:\xampp\htdocs\TP\Application\Common\Common\function.php 第 17 行.
NOTIC: [2] in_array() expects parameter 2 to be array, null given D:\xampp\htdocs\TP\Application\Common\Common\function.php 第 17 行.
SQL: SHOW COLUMNS FROM `zfhc_auth_rule` [ RunTime:0.0030s ]
SQL: SELECT `condition`,`name` FROM `zfhc_auth_rule` WHERE `id` IN ('') AND `type` = 1 AND `status` = 1  [ RunTime:0.0000s ]
INFO: [ view_parse ] --START--
INFO: [ template_filter ] --START--
INFO: Run Behavior\ContentReplaceBehavior [ RunTime:0.000000s ]
INFO: [ template_filter ] --END-- [ RunTime:0.000000s ]
INFO: Run Behavior\ParseTemplateBehavior [ RunTime:0.010001s ]
INFO: [ view_parse ] --END-- [ RunTime:0.010001s ]
INFO: [ view_filter ] --START--
INFO: Run Behavior\WriteHtmlCacheBehavior [ RunTime:0.000000s ]
INFO: [ view_filter ] --END-- [ RunTime:0.000000s ]
INFO: [ app_end ] --START--
INFO: Run Behavior\ShowPageTraceBehavior [ RunTime:0.001000s ]
INFO: [ app_end ] --END-- [ RunTime:0.001000s ]

