[ 2017-07-07T21:06:54+08:00 ] ::1 /TP/Admin/Auth/accessList.html
INFO: [ app_init ] --START--
INFO: Run Behavior\BuildLiteBehavior [ RunTime:0.000000s ]
INFO: [ app_init ] --END-- [ RunTime:0.062400s ]
INFO: [ app_begin ] --START--
INFO: Run Behavior\ReadHtmlCacheBehavior [ RunTime:0.015600s ]
INFO: [ app_begin ] --END-- [ RunTime:0.015600s ]

[ 2017-07-07T21:06:54+08:00 ] ::1 /TP/Admin/Login/index.html
INFO: [ app_init ] --START--
INFO: Run Behavior\BuildLiteBehavior [ RunTime:0.000000s ]
INFO: [ app_init ] --END-- [ RunTime:0.000000s ]
INFO: [ app_begin ] --START--
INFO: Run Behavior\ReadHtmlCacheBehavior [ RunTime:0.000000s ]
INFO: [ app_begin ] --END-- [ RunTime:0.000000s ]
INFO: [ view_parse ] --START--
INFO: [ template_filter ] --START--
INFO: Run Behavior\ContentReplaceBehavior [ RunTime:0.015600s ]
INFO: [ template_filter ] --END-- [ RunTime:0.015600s ]
INFO: Run Behavior\ParseTemplateBehavior [ RunTime:0.093600s ]
INFO: [ view_parse ] --END-- [ RunTime:0.093600s ]
INFO: [ view_filter ] --START--
INFO: Run Behavior\WriteHtmlCacheBehavior [ RunTime:0.000000s ]
INFO: [ view_filter ] --END-- [ RunTime:0.000000s ]
INFO: [ app_end ] --START--
INFO: Run Behavior\ShowPageTraceBehavior [ RunTime:0.000000s ]
INFO: [ app_end ] --END-- [ RunTime:0.000000s ]

[ 2017-07-07T21:06:55+08:00 ] ::1 /TP/Admin/Login/verify
INFO: [ app_init ] --START--
INFO: Run Behavior\BuildLiteBehavior [ RunTime:0.000000s ]
INFO: [ app_init ] --END-- [ RunTime:0.000000s ]
INFO: [ app_begin ] --START--
INFO: Run Behavior\ReadHtmlCacheBehavior [ RunTime:0.000000s ]
INFO: [ app_begin ] --END-- [ RunTime:0.000000s ]
INFO: [ app_end ] --START--
INFO: Run Behavior\ShowPageTraceBehavior [ RunTime:0.000000s ]
INFO: [ app_end ] --END-- [ RunTime:0.000000s ]

[ 2017-07-07T21:06:58+08:00 ] ::1 /TP/Admin/Login/verify?time=0.5371915666582339
INFO: [ app_init ] --START--
INFO: Run Behavior\BuildLiteBehavior [ RunTime:0.000000s ]
INFO: [ app_init ] --END-- [ RunTime:0.000000s ]
INFO: [ app_begin ] --START--
INFO: Run Behavior\ReadHtmlCacheBehavior [ RunTime:0.000000s ]
INFO: [ app_begin ] --END-- [ RunTime:0.000000s ]
INFO: [ app_end ] --START--
INFO: Run Behavior\ShowPageTraceBehavior [ RunTime:0.000000s ]
INFO: [ app_end ] --END-- [ RunTime:0.000000s ]

[ 2017-07-07T21:07:12+08:00 ] ::1 /TP/Admin/Login/checkLogin
INFO: [ app_init ] --START--
INFO: Run Behavior\BuildLiteBehavior [ RunTime:0.000000s ]
INFO: [ app_init ] --END-- [ RunTime:0.000000s ]
INFO: [ app_begin ] --START--
INFO: Run Behavior\ReadHtmlCacheBehavior [ RunTime:0.000000s ]
INFO: [ app_begin ] --END-- [ RunTime:0.000000s ]
SQL: SHOW COLUMNS FROM `zfhc_members` [ RunTime:0.0468s ]
SQL: SELECT * FROM `zfhc_members` WHERE `username` = 'admin' AND `password` = '21232f297a57a5a743894a0e4a801fc3' LIMIT 1   [ RunTime:0.0000s ]
INFO: [ view_parse ] --START--
INFO: [ template_filter ] --START--
INFO: Run Behavior\ContentReplaceBehavior [ RunTime:0.000000s ]
INFO: [ template_filter ] --END-- [ RunTime:0.000000s ]
INFO: Run Behavior\ParseTemplateBehavior [ RunTime:0.031200s ]
INFO: [ view_parse ] --END-- [ RunTime:0.031200s ]
INFO: [ view_filter ] --START--
INFO: Run Behavior\WriteHtmlCacheBehavior [ RunTime:0.000000s ]
INFO: [ view_filter ] --END-- [ RunTime:0.000000s ]
INFO: [ app_end ] --START--
INFO: Run Behavior\ShowPageTraceBehavior [ RunTime:0.000000s ]
INFO: [ app_end ] --END-- [ RunTime:0.000000s ]

[ 2017-07-07T21:07:14+08:00 ] ::1 /TP/Admin/Index/index.html
INFO: [ app_init ] --START--
INFO: Run Behavior\BuildLiteBehavior [ RunTime:0.000000s ]
INFO: [ app_init ] --END-- [ RunTime:0.000000s ]
INFO: [ app_begin ] --START--
INFO: Run Behavior\ReadHtmlCacheBehavior [ RunTime:0.000000s ]
INFO: [ app_begin ] --END-- [ RunTime:0.000000s ]
SQL: SHOW COLUMNS FROM `zfhc_auth_group_access` [ RunTime:0.0312s ]
SQL: SELECT `uid`,`group_id`,`title`,`rules` FROM zfhc_auth_group_access a INNER JOIN zfhc_auth_group g on a.group_id=g.id  WHERE ( a.uid='1' and g.status='1' )  [ RunTime:0.0780s ]
NOTIC: [8] Undefined index: id D:\xampp\htdocs\TP\Application\Common\Common\function.php 第 17 行.
NOTIC: [2] in_array() expects parameter 2 to be array, null given D:\xampp\htdocs\TP\Application\Common\Common\function.php 第 17 行.
SQL: SHOW COLUMNS FROM `zfhc_auth_rule` [ RunTime:0.0156s ]
SQL: SELECT `condition`,`name` FROM `zfhc_auth_rule` WHERE `id` IN ('') AND `type` = 1 AND `status` = 1  [ RunTime:0.0000s ]
SQL: SHOW COLUMNS FROM `zfhc_dhl` [ RunTime:0.0156s ]
SQL: SELECT COUNT(*) AS tp_count FROM `zfhc_dhl` LIMIT 1   [ RunTime:0.0000s ]
SQL: SELECT * FROM `zfhc_dhl` ORDER BY id desc LIMIT 0,10   [ RunTime:0.0000s ]
INFO: [ view_parse ] --START--
INFO: [ template_filter ] --START--
INFO: Run Behavior\ContentReplaceBehavior [ RunTime:0.000000s ]
INFO: [ template_filter ] --END-- [ RunTime:0.000000s ]
NOTIC: [8] Undefined index: id D:\xampp\htdocs\TP\Application\Common\Common\function.php 第 17 行.
NOTIC: [2] in_array() expects parameter 2 to be array, null given D:\xampp\htdocs\TP\Application\Common\Common\function.php 第 17 行.
NOTIC: [8] Undefined index: id D:\xampp\htdocs\TP\Application\Common\Common\function.php 第 17 行.
NOTIC: [2] in_array() expects parameter 2 to be array, null given D:\xampp\htdocs\TP\Application\Common\Common\function.php 第 17 行.
NOTIC: [8] Undefined index: id D:\xampp\htdocs\TP\Application\Common\Common\function.php 第 17 行.
NOTIC: [2] in_array() expects parameter 2 to be array, null given D:\xampp\htdocs\TP\Application\Common\Common\function.php 第 17 行.
INFO: Run Behavior\ParseTemplateBehavior [ RunTime:0.062400s ]
INFO: [ view_parse ] --END-- [ RunTime:0.062400s ]
INFO: [ view_filter ] --START--
INFO: Run Behavior\WriteHtmlCacheBehavior [ RunTime:0.015600s ]
INFO: [ view_filter ] --END-- [ RunTime:0.015600s ]
INFO: [ app_end ] --START--
INFO: Run Behavior\ShowPageTraceBehavior [ RunTime:0.000000s ]
INFO: [ app_end ] --END-- [ RunTime:0.000000s ]

[ 2017-07-07T21:07:19+08:00 ] ::1 /TP/Admin/Slideshow/slideshow.html
INFO: [ app_init ] --START--
INFO: Run Behavior\BuildLiteBehavior [ RunTime:0.000000s ]
INFO: [ app_init ] --END-- [ RunTime:0.000000s ]
INFO: [ app_begin ] --START--
INFO: Run Behavior\ReadHtmlCacheBehavior [ RunTime:0.000000s ]
INFO: [ app_begin ] --END-- [ RunTime:0.000000s ]
SQL: SHOW COLUMNS FROM `zfhc_auth_group_access` [ RunTime:0.0000s ]
SQL: SELECT `uid`,`group_id`,`title`,`rules` FROM zfhc_auth_group_access a INNER JOIN zfhc_auth_group g on a.group_id=g.id  WHERE ( a.uid='1' and g.status='1' )  [ RunTime:0.0000s ]
NOTIC: [8] Undefined index: id D:\xampp\htdocs\TP\Application\Common\Common\function.php 第 17 行.
NOTIC: [2] in_array() expects parameter 2 to be array, null given D:\xampp\htdocs\TP\Application\Common\Common\function.php 第 17 行.
SQL: SHOW COLUMNS FROM `zfhc_auth_rule` [ RunTime:0.0000s ]
SQL: SELECT `condition`,`name` FROM `zfhc_auth_rule` WHERE `id` IN ('') AND `type` = 1 AND `status` = 1  [ RunTime:0.0000s ]
SQL: SHOW COLUMNS FROM `zfhc_slideshow` [ RunTime:0.0468s ]
SQL: SELECT COUNT(*) AS tp_count FROM `zfhc_slideshow` LIMIT 1   [ RunTime:0.0000s ]
SQL: SELECT `id`,`name`,`photo`,`url`,`describe`,`sort`,`belong`,`create_time` FROM `zfhc_slideshow` ORDER BY id desc LIMIT 0,8   [ RunTime:0.0000s ]
INFO: [ view_parse ] --START--
INFO: [ template_filter ] --START--
INFO: Run Behavior\ContentReplaceBehavior [ RunTime:0.000000s ]
INFO: [ template_filter ] --END-- [ RunTime:0.000000s ]
INFO: Run Behavior\ParseTemplateBehavior [ RunTime:0.015600s ]
INFO: [ view_parse ] --END-- [ RunTime:0.015600s ]
INFO: [ view_filter ] --START--
INFO: Run Behavior\WriteHtmlCacheBehavior [ RunTime:0.000000s ]
INFO: [ view_filter ] --END-- [ RunTime:0.000000s ]
INFO: [ app_end ] --START--
INFO: Run Behavior\ShowPageTraceBehavior [ RunTime:0.000000s ]
INFO: [ app_end ] --END-- [ RunTime:0.000000s ]

[ 2017-07-07T21:07:22+08:00 ] ::1 /TP/Admin/Slideshow/slideshowAdd.html
INFO: [ app_init ] --START--
INFO: Run Behavior\BuildLiteBehavior [ RunTime:0.000000s ]
INFO: [ app_init ] --END-- [ RunTime:0.000000s ]
INFO: [ app_begin ] --START--
INFO: Run Behavior\ReadHtmlCacheBehavior [ RunTime:0.015601s ]
INFO: [ app_begin ] --END-- [ RunTime:0.015601s ]
SQL: SHOW COLUMNS FROM `zfhc_auth_group_access` [ RunTime:0.0000s ]
SQL: SELECT `uid`,`group_id`,`title`,`rules` FROM zfhc_auth_group_access a INNER JOIN zfhc_auth_group g on a.group_id=g.id  WHERE ( a.uid='1' and g.status='1' )  [ RunTime:0.0000s ]
NOTIC: [8] Undefined index: id D:\xampp\htdocs\TP\Application\Common\Common\function.php 第 17 行.
NOTIC: [2] in_array() expects parameter 2 to be array, null given D:\xampp\htdocs\TP\Application\Common\Common\function.php 第 17 行.
SQL: SHOW COLUMNS FROM `zfhc_auth_rule` [ RunTime:0.0000s ]
SQL: SELECT `condition`,`name` FROM `zfhc_auth_rule` WHERE `id` IN ('') AND `type` = 1 AND `status` = 1  [ RunTime:0.0000s ]
INFO: [ view_parse ] --START--
INFO: [ template_filter ] --START--
INFO: Run Behavior\ContentReplaceBehavior [ RunTime:0.000000s ]
INFO: [ template_filter ] --END-- [ RunTime:0.000000s ]
INFO: Run Behavior\ParseTemplateBehavior [ RunTime:0.031200s ]
INFO: [ view_parse ] --END-- [ RunTime:0.031200s ]
INFO: [ view_filter ] --START--
INFO: Run Behavior\WriteHtmlCacheBehavior [ RunTime:0.000000s ]
INFO: [ view_filter ] --END-- [ RunTime:0.000000s ]
INFO: [ app_end ] --START--
INFO: Run Behavior\ShowPageTraceBehavior [ RunTime:0.000000s ]
INFO: [ app_end ] --END-- [ RunTime:0.000000s ]

[ 2017-07-07T21:07:28+08:00 ] ::1 /TP/Admin/Slideshow/Upload.html
INFO: [ app_init ] --START--
INFO: Run Behavior\BuildLiteBehavior [ RunTime:0.000000s ]
INFO: [ app_init ] --END-- [ RunTime:0.000000s ]
INFO: [ app_begin ] --START--
INFO: Run Behavior\ReadHtmlCacheBehavior [ RunTime:0.000000s ]
INFO: [ app_begin ] --END-- [ RunTime:0.000000s ]
SQL: SHOW COLUMNS FROM `zfhc_auth_group_access` [ RunTime:0.0156s ]
SQL: SELECT `uid`,`group_id`,`title`,`rules` FROM zfhc_auth_group_access a INNER JOIN zfhc_auth_group g on a.group_id=g.id  WHERE ( a.uid='1' and g.status='1' )  [ RunTime:0.0000s ]
NOTIC: [8] Undefined index: id D:\xampp\htdocs\TP\Application\Common\Common\function.php 第 17 行.
NOTIC: [2] in_array() expects parameter 2 to be array, null given D:\xampp\htdocs\TP\Application\Common\Common\function.php 第 17 行.
SQL: SHOW COLUMNS FROM `zfhc_auth_rule` [ RunTime:0.0000s ]
SQL: SELECT `condition`,`name` FROM `zfhc_auth_rule` WHERE `id` IN ('') AND `type` = 1 AND `status` = 1  [ RunTime:0.0000s ]
NOTIC: [8] Undefined index: photo D:\xampp\htdocs\TP\Application\Admin\Controller\SlideshowController.class.php 第 45 行.
NOTIC: [8] Undefined index: error D:\xampp\htdocs\TP\ThinkPHP\Library\Think\Upload.class.php 第 269 行.
NOTIC: [8] Undefined index: tmp_name D:\xampp\htdocs\TP\ThinkPHP\Library\Think\Upload.class.php 第 280 行.

[ 2017-07-07T21:08:13+08:00 ] ::1 /TP/Admin/Slideshow/Upload.html
INFO: [ app_init ] --START--
INFO: Run Behavior\BuildLiteBehavior [ RunTime:0.000000s ]
INFO: [ app_init ] --END-- [ RunTime:0.000000s ]
INFO: [ app_begin ] --START--
INFO: Run Behavior\ReadHtmlCacheBehavior [ RunTime:0.000000s ]
INFO: [ app_begin ] --END-- [ RunTime:0.000000s ]
SQL: SHOW COLUMNS FROM `zfhc_auth_group_access` [ RunTime:0.0000s ]
SQL: SELECT `uid`,`group_id`,`title`,`rules` FROM zfhc_auth_group_access a INNER JOIN zfhc_auth_group g on a.group_id=g.id  WHERE ( a.uid='1' and g.status='1' )  [ RunTime:0.0000s ]
NOTIC: [8] Undefined index: id D:\xampp\htdocs\TP\Application\Common\Common\function.php 第 17 行.
NOTIC: [2] in_array() expects parameter 2 to be array, null given D:\xampp\htdocs\TP\Application\Common\Common\function.php 第 17 行.
SQL: SHOW COLUMNS FROM `zfhc_auth_rule` [ RunTime:0.0000s ]
SQL: SELECT `condition`,`name` FROM `zfhc_auth_rule` WHERE `id` IN ('') AND `type` = 1 AND `status` = 1  [ RunTime:0.0000s ]
NOTIC: [8] Undefined index: photo D:\xampp\htdocs\TP\Application\Admin\Controller\SlideshowController.class.php 第 33 行.

[ 2017-07-07T21:08:19+08:00 ] ::1 /TP/Admin/Slideshow/Upload.html
INFO: [ app_init ] --START--
INFO: Run Behavior\BuildLiteBehavior [ RunTime:0.000000s ]
INFO: [ app_init ] --END-- [ RunTime:0.000000s ]
INFO: [ app_begin ] --START--
INFO: Run Behavior\ReadHtmlCacheBehavior [ RunTime:0.000000s ]
INFO: [ app_begin ] --END-- [ RunTime:0.000000s ]
SQL: SHOW COLUMNS FROM `zfhc_auth_group_access` [ RunTime:0.0000s ]
SQL: SELECT `uid`,`group_id`,`title`,`rules` FROM zfhc_auth_group_access a INNER JOIN zfhc_auth_group g on a.group_id=g.id  WHERE ( a.uid='1' and g.status='1' )  [ RunTime:0.0000s ]
NOTIC: [8] Undefined index: id D:\xampp\htdocs\TP\Application\Common\Common\function.php 第 17 行.
NOTIC: [2] in_array() expects parameter 2 to be array, null given D:\xampp\htdocs\TP\Application\Common\Common\function.php 第 17 行.
SQL: SHOW COLUMNS FROM `zfhc_auth_rule` [ RunTime:0.0000s ]
SQL: SELECT `condition`,`name` FROM `zfhc_auth_rule` WHERE `id` IN ('') AND `type` = 1 AND `status` = 1  [ RunTime:0.0000s ]
NOTIC: [8] Undefined index: photo D:\xampp\htdocs\TP\Application\Admin\Controller\SlideshowController.class.php 第 33 行.

[ 2017-07-07T21:08:43+08:00 ] ::1 /TP/Admin/Slideshow/Upload.html
INFO: [ app_init ] --START--
INFO: Run Behavior\BuildLiteBehavior [ RunTime:0.000000s ]
INFO: [ app_init ] --END-- [ RunTime:0.000000s ]
INFO: [ app_begin ] --START--
INFO: Run Behavior\ReadHtmlCacheBehavior [ RunTime:0.000000s ]
INFO: [ app_begin ] --END-- [ RunTime:0.000000s ]
SQL: SHOW COLUMNS FROM `zfhc_auth_group_access` [ RunTime:0.0000s ]
SQL: SELECT `uid`,`group_id`,`title`,`rules` FROM zfhc_auth_group_access a INNER JOIN zfhc_auth_group g on a.group_id=g.id  WHERE ( a.uid='1' and g.status='1' )  [ RunTime:0.0000s ]
NOTIC: [8] Undefined index: id D:\xampp\htdocs\TP\Application\Common\Common\function.php 第 17 行.
NOTIC: [2] in_array() expects parameter 2 to be array, null given D:\xampp\htdocs\TP\Application\Common\Common\function.php 第 17 行.
SQL: SHOW COLUMNS FROM `zfhc_auth_rule` [ RunTime:0.0000s ]
SQL: SELECT `condition`,`name` FROM `zfhc_auth_rule` WHERE `id` IN ('') AND `type` = 1 AND `status` = 1  [ RunTime:0.0000s ]
NOTIC: [8] Undefined index: photo D:\xampp\htdocs\TP\Application\Admin\Controller\SlideshowController.class.php 第 33 行.

[ 2017-07-07T21:09:24+08:00 ] ::1 /TP/Admin/Slideshow/Upload.html
INFO: [ app_init ] --START--
INFO: Run Behavior\BuildLiteBehavior [ RunTime:0.000000s ]
INFO: [ app_init ] --END-- [ RunTime:0.000000s ]
INFO: [ app_begin ] --START--
INFO: Run Behavior\ReadHtmlCacheBehavior [ RunTime:0.000000s ]
INFO: [ app_begin ] --END-- [ RunTime:0.000000s ]
SQL: SHOW COLUMNS FROM `zfhc_auth_group_access` [ RunTime:0.0000s ]
SQL: SELECT `uid`,`group_id`,`title`,`rules` FROM zfhc_auth_group_access a INNER JOIN zfhc_auth_group g on a.group_id=g.id  WHERE ( a.uid='1' and g.status='1' )  [ RunTime:0.0000s ]
NOTIC: [8] Undefined index: id D:\xampp\htdocs\TP\Application\Common\Common\function.php 第 17 行.
NOTIC: [2] in_array() expects parameter 2 to be array, null given D:\xampp\htdocs\TP\Application\Common\Common\function.php 第 17 行.
SQL: SHOW COLUMNS FROM `zfhc_auth_rule` [ RunTime:0.0000s ]
SQL: SELECT `condition`,`name` FROM `zfhc_auth_rule` WHERE `id` IN ('') AND `type` = 1 AND `status` = 1  [ RunTime:0.0000s ]
NOTIC: [8] Undefined index: photo D:\xampp\htdocs\TP\Application\Admin\Controller\SlideshowController.class.php 第 34 行.

[ 2017-07-07T21:09:42+08:00 ] ::1 /TP/Admin/Slideshow/Upload.html
INFO: [ app_init ] --START--
INFO: Run Behavior\BuildLiteBehavior [ RunTime:0.000000s ]
INFO: [ app_init ] --END-- [ RunTime:0.000000s ]
INFO: [ app_begin ] --START--
INFO: Run Behavior\ReadHtmlCacheBehavior [ RunTime:0.000000s ]
INFO: [ app_begin ] --END-- [ RunTime:0.000000s ]
SQL: SHOW COLUMNS FROM `zfhc_auth_group_access` [ RunTime:0.0000s ]
SQL: SELECT `uid`,`group_id`,`title`,`rules` FROM zfhc_auth_group_access a INNER JOIN zfhc_auth_group g on a.group_id=g.id  WHERE ( a.uid='1' and g.status='1' )  [ RunTime:0.0000s ]
NOTIC: [8] Undefined index: id D:\xampp\htdocs\TP\Application\Common\Common\function.php 第 17 行.
NOTIC: [2] in_array() expects parameter 2 to be array, null given D:\xampp\htdocs\TP\Application\Common\Common\function.php 第 17 行.
SQL: SHOW COLUMNS FROM `zfhc_auth_rule` [ RunTime:0.0000s ]
SQL: SELECT `condition`,`name` FROM `zfhc_auth_rule` WHERE `id` IN ('') AND `type` = 1 AND `status` = 1  [ RunTime:0.0000s ]

[ 2017-07-07T21:10:26+08:00 ] ::1 /TP/Admin/Slideshow/slideshowAdd.html
INFO: [ app_init ] --START--
INFO: Run Behavior\BuildLiteBehavior [ RunTime:0.000000s ]
INFO: [ app_init ] --END-- [ RunTime:0.000000s ]
INFO: [ app_begin ] --START--
INFO: Run Behavior\ReadHtmlCacheBehavior [ RunTime:0.000000s ]
INFO: [ app_begin ] --END-- [ RunTime:0.000000s ]
SQL: SHOW COLUMNS FROM `zfhc_auth_group_access` [ RunTime:0.0000s ]
SQL: SELECT `uid`,`group_id`,`title`,`rules` FROM zfhc_auth_group_access a INNER JOIN zfhc_auth_group g on a.group_id=g.id  WHERE ( a.uid='1' and g.status='1' )  [ RunTime:0.0000s ]
NOTIC: [8] Undefined index: id D:\xampp\htdocs\TP\Application\Common\Common\function.php 第 17 行.
NOTIC: [2] in_array() expects parameter 2 to be array, null given D:\xampp\htdocs\TP\Application\Common\Common\function.php 第 17 行.
SQL: SHOW COLUMNS FROM `zfhc_auth_rule` [ RunTime:0.0000s ]
SQL: SELECT `condition`,`name` FROM `zfhc_auth_rule` WHERE `id` IN ('') AND `type` = 1 AND `status` = 1  [ RunTime:0.0000s ]
INFO: [ view_parse ] --START--
INFO: [ template_filter ] --START--
INFO: Run Behavior\ContentReplaceBehavior [ RunTime:0.000000s ]
INFO: [ template_filter ] --END-- [ RunTime:0.000000s ]
INFO: Run Behavior\ParseTemplateBehavior [ RunTime:0.031201s ]
INFO: [ view_parse ] --END-- [ RunTime:0.031201s ]
INFO: [ view_filter ] --START--
INFO: Run Behavior\WriteHtmlCacheBehavior [ RunTime:0.000000s ]
INFO: [ view_filter ] --END-- [ RunTime:0.000000s ]
INFO: [ app_end ] --START--
INFO: Run Behavior\ShowPageTraceBehavior [ RunTime:0.000000s ]
INFO: [ app_end ] --END-- [ RunTime:0.000000s ]

[ 2017-07-07T21:10:32+08:00 ] ::1 /TP/Admin/Slideshow/Upload.html
INFO: [ app_init ] --START--
INFO: Run Behavior\BuildLiteBehavior [ RunTime:0.000000s ]
INFO: [ app_init ] --END-- [ RunTime:0.000000s ]
INFO: [ app_begin ] --START--
INFO: Run Behavior\ReadHtmlCacheBehavior [ RunTime:0.000000s ]
INFO: [ app_begin ] --END-- [ RunTime:0.000000s ]
SQL: SHOW COLUMNS FROM `zfhc_auth_group_access` [ RunTime:0.0000s ]
SQL: SELECT `uid`,`group_id`,`title`,`rules` FROM zfhc_auth_group_access a INNER JOIN zfhc_auth_group g on a.group_id=g.id  WHERE ( a.uid='1' and g.status='1' )  [ RunTime:0.0000s ]
NOTIC: [8] Undefined index: id D:\xampp\htdocs\TP\Application\Common\Common\function.php 第 17 行.
NOTIC: [2] in_array() expects parameter 2 to be array, null given D:\xampp\htdocs\TP\Application\Common\Common\function.php 第 17 行.
SQL: SHOW COLUMNS FROM `zfhc_auth_rule` [ RunTime:0.0000s ]
SQL: SELECT `condition`,`name` FROM `zfhc_auth_rule` WHERE `id` IN ('') AND `type` = 1 AND `status` = 1  [ RunTime:0.0000s ]

[ 2017-07-07T21:23:38+08:00 ] ::1 /TP/Admin/Slideshow/slideshowAdd.html
INFO: [ app_init ] --START--
INFO: Run Behavior\BuildLiteBehavior [ RunTime:0.000000s ]
INFO: [ app_init ] --END-- [ RunTime:0.000000s ]
INFO: [ app_begin ] --START--
INFO: Run Behavior\ReadHtmlCacheBehavior [ RunTime:0.000000s ]
INFO: [ app_begin ] --END-- [ RunTime:0.000000s ]
SQL: SHOW COLUMNS FROM `zfhc_auth_group_access` [ RunTime:0.0000s ]
SQL: SELECT `uid`,`group_id`,`title`,`rules` FROM zfhc_auth_group_access a INNER JOIN zfhc_auth_group g on a.group_id=g.id  WHERE ( a.uid='1' and g.status='1' )  [ RunTime:0.0000s ]
NOTIC: [8] Undefined index: id D:\xampp\htdocs\TP\Application\Common\Common\function.php 第 17 行.
NOTIC: [2] in_array() expects parameter 2 to be array, null given D:\xampp\htdocs\TP\Application\Common\Common\function.php 第 17 行.
SQL: SHOW COLUMNS FROM `zfhc_auth_rule` [ RunTime:0.0000s ]
SQL: SELECT `condition`,`name` FROM `zfhc_auth_rule` WHERE `id` IN ('') AND `type` = 1 AND `status` = 1  [ RunTime:0.0156s ]
INFO: [ view_parse ] --START--
INFO: [ template_filter ] --START--
INFO: Run Behavior\ContentReplaceBehavior [ RunTime:0.000000s ]
INFO: [ template_filter ] --END-- [ RunTime:0.000000s ]
INFO: Run Behavior\ParseTemplateBehavior [ RunTime:0.015600s ]
INFO: [ view_parse ] --END-- [ RunTime:0.015600s ]
INFO: [ view_filter ] --START--
INFO: Run Behavior\WriteHtmlCacheBehavior [ RunTime:0.000000s ]
INFO: [ view_filter ] --END-- [ RunTime:0.000000s ]
INFO: [ app_end ] --START--
INFO: Run Behavior\ShowPageTraceBehavior [ RunTime:0.000000s ]
INFO: [ app_end ] --END-- [ RunTime:0.000000s ]

[ 2017-07-07T21:24:14+08:00 ] ::1 /TP/Admin/Slideshow/slideshowAdd.html
INFO: [ app_init ] --START--
INFO: Run Behavior\BuildLiteBehavior [ RunTime:0.000000s ]
INFO: [ app_init ] --END-- [ RunTime:0.000000s ]
INFO: [ app_begin ] --START--
INFO: Run Behavior\ReadHtmlCacheBehavior [ RunTime:0.000000s ]
INFO: [ app_begin ] --END-- [ RunTime:0.000000s ]
SQL: SHOW COLUMNS FROM `zfhc_auth_group_access` [ RunTime:0.0000s ]
SQL: SELECT `uid`,`group_id`,`title`,`rules` FROM zfhc_auth_group_access a INNER JOIN zfhc_auth_group g on a.group_id=g.id  WHERE ( a.uid='1' and g.status='1' )  [ RunTime:0.0000s ]
NOTIC: [8] Undefined index: id D:\xampp\htdocs\TP\Application\Common\Common\function.php 第 17 行.
NOTIC: [2] in_array() expects parameter 2 to be array, null given D:\xampp\htdocs\TP\Application\Common\Common\function.php 第 17 行.
SQL: SHOW COLUMNS FROM `zfhc_auth_rule` [ RunTime:0.0000s ]
SQL: SELECT `condition`,`name` FROM `zfhc_auth_rule` WHERE `id` IN ('') AND `type` = 1 AND `status` = 1  [ RunTime:0.0000s ]
INFO: [ view_parse ] --START--
INFO: [ template_filter ] --START--
INFO: Run Behavior\ContentReplaceBehavior [ RunTime:0.000000s ]
INFO: [ template_filter ] --END-- [ RunTime:0.000000s ]
INFO: Run Behavior\ParseTemplateBehavior [ RunTime:0.015600s ]
INFO: [ view_parse ] --END-- [ RunTime:0.015600s ]
INFO: [ view_filter ] --START--
INFO: Run Behavior\WriteHtmlCacheBehavior [ RunTime:0.000000s ]
INFO: [ view_filter ] --END-- [ RunTime:0.000000s ]
INFO: [ app_end ] --START--
INFO: Run Behavior\ShowPageTraceBehavior [ RunTime:0.000000s ]
INFO: [ app_end ] --END-- [ RunTime:0.000000s ]

[ 2017-07-07T21:24:21+08:00 ] ::1 /TP/Admin/Slideshow/slideshowAdd.html
INFO: [ app_init ] --START--
INFO: Run Behavior\BuildLiteBehavior [ RunTime:0.000000s ]
INFO: [ app_init ] --END-- [ RunTime:0.000000s ]
INFO: [ app_begin ] --START--
INFO: Run Behavior\ReadHtmlCacheBehavior [ RunTime:0.000000s ]
INFO: [ app_begin ] --END-- [ RunTime:0.000000s ]
SQL: SHOW COLUMNS FROM `zfhc_auth_group_access` [ RunTime:0.0000s ]
SQL: SELECT `uid`,`group_id`,`title`,`rules` FROM zfhc_auth_group_access a INNER JOIN zfhc_auth_group g on a.group_id=g.id  WHERE ( a.uid='1' and g.status='1' )  [ RunTime:0.0000s ]
NOTIC: [8] Undefined index: id D:\xampp\htdocs\TP\Application\Common\Common\function.php 第 17 行.
NOTIC: [2] in_array() expects parameter 2 to be array, null given D:\xampp\htdocs\TP\Application\Common\Common\function.php 第 17 行.
SQL: SHOW COLUMNS FROM `zfhc_auth_rule` [ RunTime:0.0000s ]
SQL: SELECT `condition`,`name` FROM `zfhc_auth_rule` WHERE `id` IN ('') AND `type` = 1 AND `status` = 1  [ RunTime:0.0156s ]
INFO: [ view_parse ] --START--
INFO: [ template_filter ] --START--
INFO: Run Behavior\ContentReplaceBehavior [ RunTime:0.000000s ]
INFO: [ template_filter ] --END-- [ RunTime:0.000000s ]
INFO: Run Behavior\ParseTemplateBehavior [ RunTime:0.000000s ]
INFO: [ view_parse ] --END-- [ RunTime:0.000000s ]
INFO: [ view_filter ] --START--
INFO: Run Behavior\WriteHtmlCacheBehavior [ RunTime:0.000000s ]
INFO: [ view_filter ] --END-- [ RunTime:0.000000s ]
INFO: [ app_end ] --START--
INFO: Run Behavior\ShowPageTraceBehavior [ RunTime:0.000000s ]
INFO: [ app_end ] --END-- [ RunTime:0.000000s ]

[ 2017-07-07T21:24:26+08:00 ] ::1 /TP/Admin/Slideshow/slideshowAdd.html
INFO: [ app_init ] --START--
INFO: Run Behavior\BuildLiteBehavior [ RunTime:0.000000s ]
INFO: [ app_init ] --END-- [ RunTime:0.000000s ]
INFO: [ app_begin ] --START--
INFO: Run Behavior\ReadHtmlCacheBehavior [ RunTime:0.000000s ]
INFO: [ app_begin ] --END-- [ RunTime:0.000000s ]
SQL: SHOW COLUMNS FROM `zfhc_auth_group_access` [ RunTime:0.0000s ]
SQL: SELECT `uid`,`group_id`,`title`,`rules` FROM zfhc_auth_group_access a INNER JOIN zfhc_auth_group g on a.group_id=g.id  WHERE ( a.uid='1' and g.status='1' )  [ RunTime:0.0000s ]
NOTIC: [8] Undefined index: id D:\xampp\htdocs\TP\Application\Common\Common\function.php 第 17 行.
NOTIC: [2] in_array() expects parameter 2 to be array, null given D:\xampp\htdocs\TP\Application\Common\Common\function.php 第 17 行.
SQL: SHOW COLUMNS FROM `zfhc_auth_rule` [ RunTime:0.0000s ]
SQL: SELECT `condition`,`name` FROM `zfhc_auth_rule` WHERE `id` IN ('') AND `type` = 1 AND `status` = 1  [ RunTime:0.0000s ]
INFO: [ view_parse ] --START--
INFO: [ template_filter ] --START--
INFO: Run Behavior\ContentReplaceBehavior [ RunTime:0.000000s ]
INFO: [ template_filter ] --END-- [ RunTime:0.000000s ]
INFO: Run Behavior\ParseTemplateBehavior [ RunTime:0.031200s ]
INFO: [ view_parse ] --END-- [ RunTime:0.031200s ]
INFO: [ view_filter ] --START--
INFO: Run Behavior\WriteHtmlCacheBehavior [ RunTime:0.000000s ]
INFO: [ view_filter ] --END-- [ RunTime:0.000000s ]
INFO: [ app_end ] --START--
INFO: Run Behavior\ShowPageTraceBehavior [ RunTime:0.000000s ]
INFO: [ app_end ] --END-- [ RunTime:0.000000s ]

[ 2017-07-07T21:25:22+08:00 ] ::1 /TP/Admin/Slideshow/slideshowAdd.html
INFO: [ app_init ] --START--
INFO: Run Behavior\BuildLiteBehavior [ RunTime:0.000000s ]
INFO: [ app_init ] --END-- [ RunTime:0.000000s ]
INFO: [ app_begin ] --START--
INFO: Run Behavior\ReadHtmlCacheBehavior [ RunTime:0.000000s ]
INFO: [ app_begin ] --END-- [ RunTime:0.000000s ]
SQL: SHOW COLUMNS FROM `zfhc_auth_group_access` [ RunTime:0.0000s ]
SQL: SELECT `uid`,`group_id`,`title`,`rules` FROM zfhc_auth_group_access a INNER JOIN zfhc_auth_group g on a.group_id=g.id  WHERE ( a.uid='1' and g.status='1' )  [ RunTime:0.0000s ]
NOTIC: [8] Undefined index: id D:\xampp\htdocs\TP\Application\Common\Common\function.php 第 17 行.
NOTIC: [2] in_array() expects parameter 2 to be array, null given D:\xampp\htdocs\TP\Application\Common\Common\function.php 第 17 行.
SQL: SHOW COLUMNS FROM `zfhc_auth_rule` [ RunTime:0.0000s ]
SQL: SELECT `condition`,`name` FROM `zfhc_auth_rule` WHERE `id` IN ('') AND `type` = 1 AND `status` = 1  [ RunTime:0.0000s ]
INFO: [ view_parse ] --START--
INFO: [ template_filter ] --START--
INFO: Run Behavior\ContentReplaceBehavior [ RunTime:0.000000s ]
INFO: [ template_filter ] --END-- [ RunTime:0.000000s ]
INFO: Run Behavior\ParseTemplateBehavior [ RunTime:0.031200s ]
INFO: [ view_parse ] --END-- [ RunTime:0.031200s ]
INFO: [ view_filter ] --START--
INFO: Run Behavior\WriteHtmlCacheBehavior [ RunTime:0.000000s ]
INFO: [ view_filter ] --END-- [ RunTime:0.000000s ]
INFO: [ app_end ] --START--
INFO: Run Behavior\ShowPageTraceBehavior [ RunTime:0.000000s ]
INFO: [ app_end ] --END-- [ RunTime:0.000000s ]

[ 2017-07-07T21:26:40+08:00 ] ::1 /TP/Admin/Slideshow/slideshowAdd.html
INFO: [ app_init ] --START--
INFO: Run Behavior\BuildLiteBehavior [ RunTime:0.000000s ]
INFO: [ app_init ] --END-- [ RunTime:0.001000s ]
INFO: [ app_begin ] --START--
INFO: Run Behavior\ReadHtmlCacheBehavior [ RunTime:0.000000s ]
INFO: [ app_begin ] --END-- [ RunTime:0.000000s ]
SQL: SHOW COLUMNS FROM `zfhc_auth_group_access` [ RunTime:0.0050s ]
SQL: SELECT `uid`,`group_id`,`title`,`rules` FROM zfhc_auth_group_access a INNER JOIN zfhc_auth_group g on a.group_id=g.id  WHERE ( a.uid='1' and g.status='1' )  [ RunTime:0.0000s ]
NOTIC: [8] Undefined index: id D:\xampp\htdocs\TP\Application\Common\Common\function.php 第 17 行.
NOTIC: [2] in_array() expects parameter 2 to be array, null given D:\xampp\htdocs\TP\Application\Common\Common\function.php 第 17 行.
SQL: SHOW COLUMNS FROM `zfhc_auth_rule` [ RunTime:0.0050s ]
SQL: SELECT `condition`,`name` FROM `zfhc_auth_rule` WHERE `id` IN ('') AND `type` = 1 AND `status` = 1  [ RunTime:0.0010s ]
INFO: [ view_parse ] --START--
INFO: [ template_filter ] --START--
INFO: Run Behavior\ContentReplaceBehavior [ RunTime:0.000000s ]
INFO: [ template_filter ] --END-- [ RunTime:0.000000s ]
INFO: Run Behavior\ParseTemplateBehavior [ RunTime:0.015001s ]
INFO: [ view_parse ] --END-- [ RunTime:0.016001s ]
INFO: [ view_filter ] --START--
INFO: Run Behavior\WriteHtmlCacheBehavior [ RunTime:0.000000s ]
INFO: [ view_filter ] --END-- [ RunTime:0.000000s ]
INFO: [ app_end ] --START--
INFO: Run Behavior\ShowPageTraceBehavior [ RunTime:0.001000s ]
INFO: [ app_end ] --END-- [ RunTime:0.001000s ]

[ 2017-07-07T21:26:43+08:00 ] ::1 /TP/Admin/Slideshow/slideshowAdd.html
INFO: [ app_init ] --START--
INFO: Run Behavior\BuildLiteBehavior [ RunTime:0.000000s ]
INFO: [ app_init ] --END-- [ RunTime:0.000000s ]
INFO: [ app_begin ] --START--
INFO: Run Behavior\ReadHtmlCacheBehavior [ RunTime:0.001000s ]
INFO: [ app_begin ] --END-- [ RunTime:0.001000s ]
SQL: SHOW COLUMNS FROM `zfhc_auth_group_access` [ RunTime:0.0060s ]
SQL: SELECT `uid`,`group_id`,`title`,`rules` FROM zfhc_auth_group_access a INNER JOIN zfhc_auth_group g on a.group_id=g.id  WHERE ( a.uid='1' and g.status='1' )  [ RunTime:0.0010s ]
NOTIC: [8] Undefined index: id D:\xampp\htdocs\TP\Application\Common\Common\function.php 第 17 行.
NOTIC: [2] in_array() expects parameter 2 to be array, null given D:\xampp\htdocs\TP\Application\Common\Common\function.php 第 17 行.
SQL: SHOW COLUMNS FROM `zfhc_auth_rule` [ RunTime:0.0060s ]
SQL: SELECT `condition`,`name` FROM `zfhc_auth_rule` WHERE `id` IN ('') AND `type` = 1 AND `status` = 1  [ RunTime:0.0000s ]
INFO: [ view_parse ] --START--
INFO: [ template_filter ] --START--
INFO: Run Behavior\ContentReplaceBehavior [ RunTime:0.001000s ]
INFO: [ template_filter ] --END-- [ RunTime:0.001000s ]
INFO: Run Behavior\ParseTemplateBehavior [ RunTime:0.018001s ]
INFO: [ view_parse ] --END-- [ RunTime:0.018001s ]
INFO: [ view_filter ] --START--
INFO: Run Behavior\WriteHtmlCacheBehavior [ RunTime:0.000000s ]
INFO: [ view_filter ] --END-- [ RunTime:0.000000s ]
INFO: [ app_end ] --START--
INFO: Run Behavior\ShowPageTraceBehavior [ RunTime:0.002000s ]
INFO: [ app_end ] --END-- [ RunTime:0.002000s ]

[ 2017-07-07T21:34:20+08:00 ] ::1 /TP/Admin/Slideshow/slideshowAdd.html
INFO: [ app_init ] --START--
INFO: Run Behavior\BuildLiteBehavior [ RunTime:0.000000s ]
INFO: [ app_init ] --END-- [ RunTime:0.000000s ]
INFO: [ app_begin ] --START--
INFO: Run Behavior\ReadHtmlCacheBehavior [ RunTime:0.000000s ]
INFO: [ app_begin ] --END-- [ RunTime:0.000000s ]
SQL: SHOW COLUMNS FROM `zfhc_auth_group_access` [ RunTime:0.0000s ]
SQL: SELECT `uid`,`group_id`,`title`,`rules` FROM zfhc_auth_group_access a INNER JOIN zfhc_auth_group g on a.group_id=g.id  WHERE ( a.uid='1' and g.status='1' )  [ RunTime:0.0000s ]
NOTIC: [8] Undefined index: id D:\xampp\htdocs\TP\Application\Common\Common\function.php 第 17 行.
NOTIC: [2] in_array() expects parameter 2 to be array, null given D:\xampp\htdocs\TP\Application\Common\Common\function.php 第 17 行.
SQL: SHOW COLUMNS FROM `zfhc_auth_rule` [ RunTime:0.0000s ]
SQL: SELECT `condition`,`name` FROM `zfhc_auth_rule` WHERE `id` IN ('') AND `type` = 1 AND `status` = 1  [ RunTime:0.0000s ]
INFO: [ view_parse ] --START--
INFO: [ template_filter ] --START--
INFO: Run Behavior\ContentReplaceBehavior [ RunTime:0.000000s ]
INFO: [ template_filter ] --END-- [ RunTime:0.000000s ]
INFO: Run Behavior\ParseTemplateBehavior [ RunTime:0.015600s ]
INFO: [ view_parse ] --END-- [ RunTime:0.015600s ]
INFO: [ view_filter ] --START--
INFO: Run Behavior\WriteHtmlCacheBehavior [ RunTime:0.000000s ]
INFO: [ view_filter ] --END-- [ RunTime:0.000000s ]
INFO: [ app_end ] --START--
INFO: Run Behavior\ShowPageTraceBehavior [ RunTime:0.000000s ]
INFO: [ app_end ] --END-- [ RunTime:0.000000s ]

[ 2017-07-07T21:34:53+08:00 ] ::1 /TP/Admin/Slideshow/slideshowAdd.html
INFO: [ app_init ] --START--
INFO: Run Behavior\BuildLiteBehavior [ RunTime:0.000000s ]
INFO: [ app_init ] --END-- [ RunTime:0.000000s ]
INFO: [ app_begin ] --START--
INFO: Run Behavior\ReadHtmlCacheBehavior [ RunTime:0.000000s ]
INFO: [ app_begin ] --END-- [ RunTime:0.000000s ]
SQL: SHOW COLUMNS FROM `zfhc_auth_group_access` [ RunTime:0.0000s ]
SQL: SELECT `uid`,`group_id`,`title`,`rules` FROM zfhc_auth_group_access a INNER JOIN zfhc_auth_group g on a.group_id=g.id  WHERE ( a.uid='1' and g.status='1' )  [ RunTime:0.0000s ]
NOTIC: [8] Undefined index: id D:\xampp\htdocs\TP\Application\Common\Common\function.php 第 17 行.
NOTIC: [2] in_array() expects parameter 2 to be array, null given D:\xampp\htdocs\TP\Application\Common\Common\function.php 第 17 行.
SQL: SHOW COLUMNS FROM `zfhc_auth_rule` [ RunTime:0.0000s ]
SQL: SELECT `condition`,`name` FROM `zfhc_auth_rule` WHERE `id` IN ('') AND `type` = 1 AND `status` = 1  [ RunTime:0.0000s ]
INFO: [ view_parse ] --START--
INFO: [ template_filter ] --START--
INFO: Run Behavior\ContentReplaceBehavior [ RunTime:0.000000s ]
INFO: [ template_filter ] --END-- [ RunTime:0.000000s ]
INFO: Run Behavior\ParseTemplateBehavior [ RunTime:0.031200s ]
INFO: [ view_parse ] --END-- [ RunTime:0.031200s ]
INFO: [ view_filter ] --START--
INFO: Run Behavior\WriteHtmlCacheBehavior [ RunTime:0.000000s ]
INFO: [ view_filter ] --END-- [ RunTime:0.000000s ]
INFO: [ app_end ] --START--
INFO: Run Behavior\ShowPageTraceBehavior [ RunTime:0.000000s ]
INFO: [ app_end ] --END-- [ RunTime:0.000000s ]

[ 2017-07-07T21:35:50+08:00 ] ::1 /TP/Admin/Slideshow/slideshowAdd.html
INFO: [ app_init ] --START--
INFO: Run Behavior\BuildLiteBehavior [ RunTime:0.000000s ]
INFO: [ app_init ] --END-- [ RunTime:0.000000s ]
INFO: [ app_begin ] --START--
INFO: Run Behavior\ReadHtmlCacheBehavior [ RunTime:0.000000s ]
INFO: [ app_begin ] --END-- [ RunTime:0.000000s ]
SQL: SHOW COLUMNS FROM `zfhc_auth_group_access` [ RunTime:0.0050s ]
SQL: SELECT `uid`,`group_id`,`title`,`rules` FROM zfhc_auth_group_access a INNER JOIN zfhc_auth_group g on a.group_id=g.id  WHERE ( a.uid='1' and g.status='1' )  [ RunTime:0.0010s ]
NOTIC: [8] Undefined index: id D:\xampp\htdocs\TP\Application\Common\Common\function.php 第 17 行.
NOTIC: [2] in_array() expects parameter 2 to be array, null given D:\xampp\htdocs\TP\Application\Common\Common\function.php 第 17 行.
SQL: SHOW COLUMNS FROM `zfhc_auth_rule` [ RunTime:0.0050s ]
SQL: SELECT `condition`,`name` FROM `zfhc_auth_rule` WHERE `id` IN ('') AND `type` = 1 AND `status` = 1  [ RunTime:0.0000s ]
INFO: [ view_parse ] --START--
INFO: [ template_filter ] --START--
INFO: Run Behavior\ContentReplaceBehavior [ RunTime:0.000000s ]
INFO: [ template_filter ] --END-- [ RunTime:0.000000s ]
INFO: Run Behavior\ParseTemplateBehavior [ RunTime:0.020001s ]
INFO: [ view_parse ] --END-- [ RunTime:0.020001s ]
INFO: [ view_filter ] --START--
INFO: Run Behavior\WriteHtmlCacheBehavior [ RunTime:0.001000s ]
INFO: [ view_filter ] --END-- [ RunTime:0.001000s ]
INFO: [ app_end ] --START--
INFO: Run Behavior\ShowPageTraceBehavior [ RunTime:0.001000s ]
INFO: [ app_end ] --END-- [ RunTime:0.001000s ]

[ 2017-07-07T21:36:02+08:00 ] ::1 /TP/Admin/Slideshow/slideshowAdd.html
INFO: [ app_init ] --START--
INFO: Run Behavior\BuildLiteBehavior [ RunTime:0.000000s ]
INFO: [ app_init ] --END-- [ RunTime:0.000000s ]
INFO: [ app_begin ] --START--
INFO: Run Behavior\ReadHtmlCacheBehavior [ RunTime:0.000000s ]
INFO: [ app_begin ] --END-- [ RunTime:0.000000s ]
SQL: SHOW COLUMNS FROM `zfhc_auth_group_access` [ RunTime:0.0730s ]
SQL: SELECT `uid`,`group_id`,`title`,`rules` FROM zfhc_auth_group_access a INNER JOIN zfhc_auth_group g on a.group_id=g.id  WHERE ( a.uid='1' and g.status='1' )  [ RunTime:0.0010s ]
NOTIC: [8] Undefined index: id D:\xampp\htdocs\TP\Application\Common\Common\function.php 第 17 行.
NOTIC: [2] in_array() expects parameter 2 to be array, null given D:\xampp\htdocs\TP\Application\Common\Common\function.php 第 17 行.
SQL: SHOW COLUMNS FROM `zfhc_auth_rule` [ RunTime:0.0060s ]
SQL: SELECT `condition`,`name` FROM `zfhc_auth_rule` WHERE `id` IN ('') AND `type` = 1 AND `status` = 1  [ RunTime:0.0000s ]
INFO: [ view_parse ] --START--
INFO: [ template_filter ] --START--
INFO: Run Behavior\ContentReplaceBehavior [ RunTime:0.000000s ]
INFO: [ template_filter ] --END-- [ RunTime:0.000000s ]
INFO: Run Behavior\ParseTemplateBehavior [ RunTime:0.015000s ]
INFO: [ view_parse ] --END-- [ RunTime:0.015000s ]
INFO: [ view_filter ] --START--
INFO: Run Behavior\WriteHtmlCacheBehavior [ RunTime:0.000000s ]
INFO: [ view_filter ] --END-- [ RunTime:0.000000s ]
INFO: [ app_end ] --START--
INFO: Run Behavior\ShowPageTraceBehavior [ RunTime:0.001000s ]
INFO: [ app_end ] --END-- [ RunTime:0.001000s ]

[ 2017-07-07T21:38:03+08:00 ] ::1 /TP/Admin/Slideshow/slideshowAdd.html
INFO: [ app_init ] --START--
INFO: Run Behavior\BuildLiteBehavior [ RunTime:0.000000s ]
INFO: [ app_init ] --END-- [ RunTime:0.000000s ]
INFO: [ app_begin ] --START--
INFO: Run Behavior\ReadHtmlCacheBehavior [ RunTime:0.001001s ]
INFO: [ app_begin ] --END-- [ RunTime:0.001001s ]
SQL: SHOW COLUMNS FROM `zfhc_auth_group_access` [ RunTime:0.0060s ]
SQL: SELECT `uid`,`group_id`,`title`,`rules` FROM zfhc_auth_group_access a INNER JOIN zfhc_auth_group g on a.group_id=g.id  WHERE ( a.uid='1' and g.status='1' )  [ RunTime:0.0010s ]
NOTIC: [8] Undefined index: id D:\xampp\htdocs\TP\Application\Common\Common\function.php 第 17 行.
NOTIC: [2] in_array() expects parameter 2 to be array, null given D:\xampp\htdocs\TP\Application\Common\Common\function.php 第 17 行.
SQL: SHOW COLUMNS FROM `zfhc_auth_rule` [ RunTime:0.0050s ]
SQL: SELECT `condition`,`name` FROM `zfhc_auth_rule` WHERE `id` IN ('') AND `type` = 1 AND `status` = 1  [ RunTime:0.0010s ]
INFO: [ view_parse ] --START--
INFO: [ template_filter ] --START--
INFO: Run Behavior\ContentReplaceBehavior [ RunTime:0.000000s ]
INFO: [ template_filter ] --END-- [ RunTime:0.000000s ]
INFO: Run Behavior\ParseTemplateBehavior [ RunTime:0.019001s ]
INFO: [ view_parse ] --END-- [ RunTime:0.019001s ]
INFO: [ view_filter ] --START--
INFO: Run Behavior\WriteHtmlCacheBehavior [ RunTime:0.001000s ]
INFO: [ view_filter ] --END-- [ RunTime:0.001000s ]
INFO: [ app_end ] --START--
INFO: Run Behavior\ShowPageTraceBehavior [ RunTime:0.002000s ]
INFO: [ app_end ] --END-- [ RunTime:0.002000s ]

[ 2017-07-07T21:38:12+08:00 ] ::1 /TP/Admin/Slideshow/slideshowAdd.html
INFO: [ app_init ] --START--
INFO: Run Behavior\BuildLiteBehavior [ RunTime:0.000000s ]
INFO: [ app_init ] --END-- [ RunTime:0.000000s ]
INFO: [ app_begin ] --START--
INFO: Run Behavior\ReadHtmlCacheBehavior [ RunTime:0.001000s ]
INFO: [ app_begin ] --END-- [ RunTime:0.001000s ]
SQL: SHOW COLUMNS FROM `zfhc_auth_group_access` [ RunTime:0.0040s ]
SQL: SELECT `uid`,`group_id`,`title`,`rules` FROM zfhc_auth_group_access a INNER JOIN zfhc_auth_group g on a.group_id=g.id  WHERE ( a.uid='1' and g.status='1' )  [ RunTime:0.0010s ]
NOTIC: [8] Undefined index: id D:\xampp\htdocs\TP\Application\Common\Common\function.php 第 17 行.
NOTIC: [2] in_array() expects parameter 2 to be array, null given D:\xampp\htdocs\TP\Application\Common\Common\function.php 第 17 行.
SQL: SHOW COLUMNS FROM `zfhc_auth_rule` [ RunTime:0.0050s ]
SQL: SELECT `condition`,`name` FROM `zfhc_auth_rule` WHERE `id` IN ('') AND `type` = 1 AND `status` = 1  [ RunTime:0.0010s ]
INFO: [ view_parse ] --START--
INFO: [ template_filter ] --START--
INFO: Run Behavior\ContentReplaceBehavior [ RunTime:0.000000s ]
INFO: [ template_filter ] --END-- [ RunTime:0.000000s ]
INFO: Run Behavior\ParseTemplateBehavior [ RunTime:0.019001s ]
INFO: [ view_parse ] --END-- [ RunTime:0.019001s ]
INFO: [ view_filter ] --START--
INFO: Run Behavior\WriteHtmlCacheBehavior [ RunTime:0.001000s ]
INFO: [ view_filter ] --END-- [ RunTime:0.001000s ]
INFO: [ app_end ] --START--
INFO: Run Behavior\ShowPageTraceBehavior [ RunTime:0.001000s ]
INFO: [ app_end ] --END-- [ RunTime:0.001000s ]

[ 2017-07-07T21:38:27+08:00 ] ::1 /TP/Admin/Slideshow/Upload.html
INFO: [ app_init ] --START--
INFO: Run Behavior\BuildLiteBehavior [ RunTime:0.000000s ]
INFO: [ app_init ] --END-- [ RunTime:0.000000s ]
INFO: [ app_begin ] --START--
INFO: Run Behavior\ReadHtmlCacheBehavior [ RunTime:0.000000s ]
INFO: [ app_begin ] --END-- [ RunTime:0.000000s ]
SQL: SHOW COLUMNS FROM `zfhc_auth_group_access` [ RunTime:0.0000s ]
SQL: SELECT `uid`,`group_id`,`title`,`rules` FROM zfhc_auth_group_access a INNER JOIN zfhc_auth_group g on a.group_id=g.id  WHERE ( a.uid='1' and g.status='1' )  [ RunTime:0.0000s ]
NOTIC: [8] Undefined index: id D:\xampp\htdocs\TP\Application\Common\Common\function.php 第 17 行.
NOTIC: [2] in_array() expects parameter 2 to be array, null given D:\xampp\htdocs\TP\Application\Common\Common\function.php 第 17 行.
SQL: SHOW COLUMNS FROM `zfhc_auth_rule` [ RunTime:0.0000s ]
SQL: SELECT `condition`,`name` FROM `zfhc_auth_rule` WHERE `id` IN ('') AND `type` = 1 AND `status` = 1  [ RunTime:0.0000s ]

[ 2017-07-07T21:44:37+08:00 ] ::1 /TP/Admin/Slideshow/slideshowAdd.html
INFO: [ app_init ] --START--
INFO: Run Behavior\BuildLiteBehavior [ RunTime:0.000000s ]
INFO: [ app_init ] --END-- [ RunTime:0.000000s ]
INFO: [ app_begin ] --START--
INFO: Run Behavior\ReadHtmlCacheBehavior [ RunTime:0.000000s ]
INFO: [ app_begin ] --END-- [ RunTime:0.000000s ]
SQL: SHOW COLUMNS FROM `zfhc_auth_group_access` [ RunTime:0.0050s ]
SQL: SELECT `uid`,`group_id`,`title`,`rules` FROM zfhc_auth_group_access a INNER JOIN zfhc_auth_group g on a.group_id=g.id  WHERE ( a.uid='1' and g.status='1' )  [ RunTime:0.0000s ]
NOTIC: [8] Undefined index: id D:\xampp\htdocs\TP\Application\Common\Common\function.php 第 17 行.
NOTIC: [2] in_array() expects parameter 2 to be array, null given D:\xampp\htdocs\TP\Application\Common\Common\function.php 第 17 行.
SQL: SHOW COLUMNS FROM `zfhc_auth_rule` [ RunTime:0.0050s ]
SQL: SELECT `condition`,`name` FROM `zfhc_auth_rule` WHERE `id` IN ('') AND `type` = 1 AND `status` = 1  [ RunTime:0.0010s ]
INFO: [ view_parse ] --START--
INFO: [ template_filter ] --START--
INFO: Run Behavior\ContentReplaceBehavior [ RunTime:0.000000s ]
INFO: [ template_filter ] --END-- [ RunTime:0.000000s ]
INFO: Run Behavior\ParseTemplateBehavior [ RunTime:0.022001s ]
INFO: [ view_parse ] --END-- [ RunTime:0.022001s ]
INFO: [ view_filter ] --START--
INFO: Run Behavior\WriteHtmlCacheBehavior [ RunTime:0.001000s ]
INFO: [ view_filter ] --END-- [ RunTime:0.002000s ]
INFO: [ app_end ] --START--
INFO: Run Behavior\ShowPageTraceBehavior [ RunTime:0.002000s ]
INFO: [ app_end ] --END-- [ RunTime:0.002000s ]

[ 2017-07-07T21:44:43+08:00 ] ::1 /TP/Admin/Slideshow/Upload.html
INFO: [ app_init ] --START--
INFO: Run Behavior\BuildLiteBehavior [ RunTime:0.000000s ]
INFO: [ app_init ] --END-- [ RunTime:0.000000s ]
INFO: [ app_begin ] --START--
INFO: Run Behavior\ReadHtmlCacheBehavior [ RunTime:0.001000s ]
INFO: [ app_begin ] --END-- [ RunTime:0.001000s ]
SQL: SHOW COLUMNS FROM `zfhc_auth_group_access` [ RunTime:0.0050s ]
SQL: SELECT `uid`,`group_id`,`title`,`rules` FROM zfhc_auth_group_access a INNER JOIN zfhc_auth_group g on a.group_id=g.id  WHERE ( a.uid='1' and g.status='1' )  [ RunTime:0.0010s ]
NOTIC: [8] Undefined index: id D:\xampp\htdocs\TP\Application\Common\Common\function.php 第 17 行.
NOTIC: [2] in_array() expects parameter 2 to be array, null given D:\xampp\htdocs\TP\Application\Common\Common\function.php 第 17 行.
SQL: SHOW COLUMNS FROM `zfhc_auth_rule` [ RunTime:0.0050s ]
SQL: SELECT `condition`,`name` FROM `zfhc_auth_rule` WHERE `id` IN ('') AND `type` = 1 AND `status` = 1  [ RunTime:0.0010s ]
ERR: 1146:Table 'tp_zfhc.zfhc_slide_show' doesn't exist
 [ SQL语句 ] : SHOW COLUMNS FROM `zfhc_slide_show`
ERR: 1146:Table 'tp_zfhc.zfhc_slide_show' doesn't exist
 [ SQL语句 ] : SHOW COLUMNS FROM `zfhc_slide_show`

[ 2017-07-07T21:46:45+08:00 ] ::1 /TP/Admin/Slideshow/slideshowAdd.html
INFO: [ app_init ] --START--
INFO: Run Behavior\BuildLiteBehavior [ RunTime:0.000000s ]
INFO: [ app_init ] --END-- [ RunTime:0.000000s ]
INFO: [ app_begin ] --START--
INFO: Run Behavior\ReadHtmlCacheBehavior [ RunTime:0.000000s ]
INFO: [ app_begin ] --END-- [ RunTime:0.000000s ]
SQL: SHOW COLUMNS FROM `zfhc_auth_group_access` [ RunTime:0.0050s ]
SQL: SELECT `uid`,`group_id`,`title`,`rules` FROM zfhc_auth_group_access a INNER JOIN zfhc_auth_group g on a.group_id=g.id  WHERE ( a.uid='1' and g.status='1' )  [ RunTime:0.0010s ]
NOTIC: [8] Undefined index: id D:\xampp\htdocs\TP\Application\Common\Common\function.php 第 17 行.
NOTIC: [2] in_array() expects parameter 2 to be array, null given D:\xampp\htdocs\TP\Application\Common\Common\function.php 第 17 行.
SQL: SHOW COLUMNS FROM `zfhc_auth_rule` [ RunTime:0.0050s ]
SQL: SELECT `condition`,`name` FROM `zfhc_auth_rule` WHERE `id` IN ('') AND `type` = 1 AND `status` = 1  [ RunTime:0.0010s ]
INFO: [ view_parse ] --START--
INFO: [ template_filter ] --START--
INFO: Run Behavior\ContentReplaceBehavior [ RunTime:0.000000s ]
INFO: [ template_filter ] --END-- [ RunTime:0.000000s ]
INFO: Run Behavior\ParseTemplateBehavior [ RunTime:0.022001s ]
INFO: [ view_parse ] --END-- [ RunTime:0.022001s ]
INFO: [ view_filter ] --START--
INFO: Run Behavior\WriteHtmlCacheBehavior [ RunTime:0.001000s ]
INFO: [ view_filter ] --END-- [ RunTime:0.001000s ]
INFO: [ app_end ] --START--
INFO: Run Behavior\ShowPageTraceBehavior [ RunTime:0.002001s ]
INFO: [ app_end ] --END-- [ RunTime:0.002001s ]

[ 2017-07-07T21:46:50+08:00 ] ::1 /TP/Admin/Slideshow/Upload.html
INFO: [ app_init ] --START--
INFO: Run Behavior\BuildLiteBehavior [ RunTime:0.000000s ]
INFO: [ app_init ] --END-- [ RunTime:0.000000s ]
INFO: [ app_begin ] --START--
INFO: Run Behavior\ReadHtmlCacheBehavior [ RunTime:0.000000s ]
INFO: [ app_begin ] --END-- [ RunTime:0.001000s ]
SQL: SHOW COLUMNS FROM `zfhc_auth_group_access` [ RunTime:0.0050s ]
SQL: SELECT `uid`,`group_id`,`title`,`rules` FROM zfhc_auth_group_access a INNER JOIN zfhc_auth_group g on a.group_id=g.id  WHERE ( a.uid='1' and g.status='1' )  [ RunTime:0.0010s ]
NOTIC: [8] Undefined index: id D:\xampp\htdocs\TP\Application\Common\Common\function.php 第 17 行.
NOTIC: [2] in_array() expects parameter 2 to be array, null given D:\xampp\htdocs\TP\Application\Common\Common\function.php 第 17 行.
SQL: SHOW COLUMNS FROM `zfhc_auth_rule` [ RunTime:0.0050s ]
SQL: SELECT `condition`,`name` FROM `zfhc_auth_rule` WHERE `id` IN ('') AND `type` = 1 AND `status` = 1  [ RunTime:0.0010s ]

[ 2017-07-07T21:49:57+08:00 ] ::1 /TP/Admin/Slideshow/slideshowAdd.html
INFO: [ app_init ] --START--
INFO: Run Behavior\BuildLiteBehavior [ RunTime:0.000000s ]
INFO: [ app_init ] --END-- [ RunTime:0.001000s ]
INFO: [ app_begin ] --START--
INFO: Run Behavior\ReadHtmlCacheBehavior [ RunTime:0.001000s ]
INFO: [ app_begin ] --END-- [ RunTime:0.001000s ]
SQL: SHOW COLUMNS FROM `zfhc_auth_group_access` [ RunTime:0.0060s ]
SQL: SELECT `uid`,`group_id`,`title`,`rules` FROM zfhc_auth_group_access a INNER JOIN zfhc_auth_group g on a.group_id=g.id  WHERE ( a.uid='1' and g.status='1' )  [ RunTime:0.0000s ]
NOTIC: [8] Undefined index: id D:\xampp\htdocs\TP\Application\Common\Common\function.php 第 17 行.
NOTIC: [2] in_array() expects parameter 2 to be array, null given D:\xampp\htdocs\TP\Application\Common\Common\function.php 第 17 行.
SQL: SHOW COLUMNS FROM `zfhc_auth_rule` [ RunTime:0.0050s ]
SQL: SELECT `condition`,`name` FROM `zfhc_auth_rule` WHERE `id` IN ('') AND `type` = 1 AND `status` = 1  [ RunTime:0.0010s ]
INFO: [ view_parse ] --START--
INFO: [ template_filter ] --START--
INFO: Run Behavior\ContentReplaceBehavior [ RunTime:0.000000s ]
INFO: [ template_filter ] --END-- [ RunTime:0.001000s ]
INFO: Run Behavior\ParseTemplateBehavior [ RunTime:0.021001s ]
INFO: [ view_parse ] --END-- [ RunTime:0.022001s ]
INFO: [ view_filter ] --START--
INFO: Run Behavior\WriteHtmlCacheBehavior [ RunTime:0.001000s ]
INFO: [ view_filter ] --END-- [ RunTime:0.001000s ]
INFO: [ app_end ] --START--
INFO: Run Behavior\ShowPageTraceBehavior [ RunTime:0.001000s ]
INFO: [ app_end ] --END-- [ RunTime:0.002000s ]

[ 2017-07-07T21:50:04+08:00 ] ::1 /TP/Admin/Slideshow/upload
INFO: [ app_init ] --START--
INFO: Run Behavior\BuildLiteBehavior [ RunTime:0.000000s ]
INFO: [ app_init ] --END-- [ RunTime:0.001000s ]
INFO: [ app_begin ] --START--
INFO: Run Behavior\ReadHtmlCacheBehavior [ RunTime:0.001000s ]
INFO: [ app_begin ] --END-- [ RunTime:0.001000s ]
SQL: SHOW COLUMNS FROM `zfhc_auth_group_access` [ RunTime:0.0050s ]
SQL: SELECT `uid`,`group_id`,`title`,`rules` FROM zfhc_auth_group_access a INNER JOIN zfhc_auth_group g on a.group_id=g.id  WHERE ( a.uid='1' and g.status='1' )  [ RunTime:0.0010s ]
NOTIC: [8] Undefined index: id D:\xampp\htdocs\TP\Application\Common\Common\function.php 第 17 行.
NOTIC: [2] in_array() expects parameter 2 to be array, null given D:\xampp\htdocs\TP\Application\Common\Common\function.php 第 17 行.
SQL: SHOW COLUMNS FROM `zfhc_auth_rule` [ RunTime:0.0070s ]
SQL: SELECT `condition`,`name` FROM `zfhc_auth_rule` WHERE `id` IN ('') AND `type` = 1 AND `status` = 1  [ RunTime:0.0000s ]

[ 2017-07-07T21:51:35+08:00 ] ::1 /TP/Admin/Slideshow/slideshowAdd.html
INFO: [ app_init ] --START--
INFO: Run Behavior\BuildLiteBehavior [ RunTime:0.000000s ]
INFO: [ app_init ] --END-- [ RunTime:0.000000s ]
INFO: [ app_begin ] --START--
INFO: Run Behavior\ReadHtmlCacheBehavior [ RunTime:0.000000s ]
INFO: [ app_begin ] --END-- [ RunTime:0.000000s ]
SQL: SHOW COLUMNS FROM `zfhc_auth_group_access` [ RunTime:0.0060s ]
SQL: SELECT `uid`,`group_id`,`title`,`rules` FROM zfhc_auth_group_access a INNER JOIN zfhc_auth_group g on a.group_id=g.id  WHERE ( a.uid='1' and g.status='1' )  [ RunTime:0.0010s ]
NOTIC: [8] Undefined index: id D:\xampp\htdocs\TP\Application\Common\Common\function.php 第 17 行.
NOTIC: [2] in_array() expects parameter 2 to be array, null given D:\xampp\htdocs\TP\Application\Common\Common\function.php 第 17 行.
SQL: SHOW COLUMNS FROM `zfhc_auth_rule` [ RunTime:0.0060s ]
SQL: SELECT `condition`,`name` FROM `zfhc_auth_rule` WHERE `id` IN ('') AND `type` = 1 AND `status` = 1  [ RunTime:0.0010s ]
INFO: [ view_parse ] --START--
INFO: [ template_filter ] --START--
INFO: Run Behavior\ContentReplaceBehavior [ RunTime:0.000000s ]
INFO: [ template_filter ] --END-- [ RunTime:0.000000s ]
INFO: Run Behavior\ParseTemplateBehavior [ RunTime:0.022002s ]
INFO: [ view_parse ] --END-- [ RunTime:0.022002s ]
INFO: [ view_filter ] --START--
INFO: Run Behavior\WriteHtmlCacheBehavior [ RunTime:0.001000s ]
INFO: [ view_filter ] --END-- [ RunTime:0.001000s ]
INFO: [ app_end ] --START--
INFO: Run Behavior\ShowPageTraceBehavior [ RunTime:0.000000s ]
INFO: [ app_end ] --END-- [ RunTime:0.001000s ]

[ 2017-07-07T21:51:39+08:00 ] ::1 /TP/Admin/Slideshow/slideshowAdd.html
INFO: [ app_init ] --START--
INFO: Run Behavior\BuildLiteBehavior [ RunTime:0.000000s ]
INFO: [ app_init ] --END-- [ RunTime:0.000000s ]
INFO: [ app_begin ] --START--
INFO: Run Behavior\ReadHtmlCacheBehavior [ RunTime:0.000000s ]
INFO: [ app_begin ] --END-- [ RunTime:0.000000s ]
SQL: SHOW COLUMNS FROM `zfhc_auth_group_access` [ RunTime:0.0020s ]
SQL: SELECT `uid`,`group_id`,`title`,`rules` FROM zfhc_auth_group_access a INNER JOIN zfhc_auth_group g on a.group_id=g.id  WHERE ( a.uid='1' and g.status='1' )  [ RunTime:0.0010s ]
NOTIC: [8] Undefined index: id D:\xampp\htdocs\TP\Application\Common\Common\function.php 第 17 行.
NOTIC: [2] in_array() expects parameter 2 to be array, null given D:\xampp\htdocs\TP\Application\Common\Common\function.php 第 17 行.
SQL: SHOW COLUMNS FROM `zfhc_auth_rule` [ RunTime:0.0020s ]
SQL: SELECT `condition`,`name` FROM `zfhc_auth_rule` WHERE `id` IN ('') AND `type` = 1 AND `status` = 1  [ RunTime:0.0000s ]
INFO: [ view_parse ] --START--
INFO: [ template_filter ] --START--
INFO: Run Behavior\ContentReplaceBehavior [ RunTime:0.000000s ]
INFO: [ template_filter ] --END-- [ RunTime:0.000000s ]
INFO: Run Behavior\ParseTemplateBehavior [ RunTime:0.009000s ]
INFO: [ view_parse ] --END-- [ RunTime:0.009000s ]
INFO: [ view_filter ] --START--
INFO: Run Behavior\WriteHtmlCacheBehavior [ RunTime:0.000000s ]
INFO: [ view_filter ] --END-- [ RunTime:0.000000s ]
INFO: [ app_end ] --START--
INFO: Run Behavior\ShowPageTraceBehavior [ RunTime:0.001000s ]
INFO: [ app_end ] --END-- [ RunTime:0.001000s ]

[ 2017-07-07T21:51:47+08:00 ] ::1 /TP/Admin/Slideshow/upload
INFO: [ app_init ] --START--
INFO: Run Behavior\BuildLiteBehavior [ RunTime:0.000000s ]
INFO: [ app_init ] --END-- [ RunTime:0.000000s ]
INFO: [ app_begin ] --START--
INFO: Run Behavior\ReadHtmlCacheBehavior [ RunTime:0.001000s ]
INFO: [ app_begin ] --END-- [ RunTime:0.001000s ]
SQL: SHOW COLUMNS FROM `zfhc_auth_group_access` [ RunTime:0.0050s ]
SQL: SELECT `uid`,`group_id`,`title`,`rules` FROM zfhc_auth_group_access a INNER JOIN zfhc_auth_group g on a.group_id=g.id  WHERE ( a.uid='1' and g.status='1' )  [ RunTime:0.0000s ]
NOTIC: [8] Undefined index: id D:\xampp\htdocs\TP\Application\Common\Common\function.php 第 17 行.
NOTIC: [2] in_array() expects parameter 2 to be array, null given D:\xampp\htdocs\TP\Application\Common\Common\function.php 第 17 行.
SQL: SHOW COLUMNS FROM `zfhc_auth_rule` [ RunTime:0.0050s ]
SQL: SELECT `condition`,`name` FROM `zfhc_auth_rule` WHERE `id` IN ('') AND `type` = 1 AND `status` = 1  [ RunTime:0.0010s ]

[ 2017-07-07T21:52:03+08:00 ] ::1 /TP/Admin/Slideshow/slideshowAdd.html
INFO: [ app_init ] --START--
INFO: Run Behavior\BuildLiteBehavior [ RunTime:0.000000s ]
INFO: [ app_init ] --END-- [ RunTime:0.001000s ]
INFO: [ app_begin ] --START--
INFO: Run Behavior\ReadHtmlCacheBehavior [ RunTime:0.000000s ]
INFO: [ app_begin ] --END-- [ RunTime:0.000000s ]
SQL: SHOW COLUMNS FROM `zfhc_auth_group_access` [ RunTime:0.0050s ]
SQL: SELECT `uid`,`group_id`,`title`,`rules` FROM zfhc_auth_group_access a INNER JOIN zfhc_auth_group g on a.group_id=g.id  WHERE ( a.uid='1' and g.status='1' )  [ RunTime:0.0010s ]
NOTIC: [8] Undefined index: id D:\xampp\htdocs\TP\Application\Common\Common\function.php 第 17 行.
NOTIC: [2] in_array() expects parameter 2 to be array, null given D:\xampp\htdocs\TP\Application\Common\Common\function.php 第 17 行.
SQL: SHOW COLUMNS FROM `zfhc_auth_rule` [ RunTime:0.0050s ]
SQL: SELECT `condition`,`name` FROM `zfhc_auth_rule` WHERE `id` IN ('') AND `type` = 1 AND `status` = 1  [ RunTime:0.0000s ]
INFO: [ view_parse ] --START--
INFO: [ template_filter ] --START--
INFO: Run Behavior\ContentReplaceBehavior [ RunTime:0.001000s ]
INFO: [ template_filter ] --END-- [ RunTime:0.001000s ]
INFO: Run Behavior\ParseTemplateBehavior [ RunTime:0.015001s ]
INFO: [ view_parse ] --END-- [ RunTime:0.016001s ]
INFO: [ view_filter ] --START--
INFO: Run Behavior\WriteHtmlCacheBehavior [ RunTime:0.000000s ]
INFO: [ view_filter ] --END-- [ RunTime:0.000000s ]
INFO: [ app_end ] --START--
INFO: Run Behavior\ShowPageTraceBehavior [ RunTime:0.000000s ]
INFO: [ app_end ] --END-- [ RunTime:0.000000s ]

[ 2017-07-07T21:52:04+08:00 ] ::1 /TP/Admin/Slideshow/slideshowAdd.html
INFO: [ app_init ] --START--
INFO: Run Behavior\BuildLiteBehavior [ RunTime:0.000000s ]
INFO: [ app_init ] --END-- [ RunTime:0.001000s ]
INFO: [ app_begin ] --START--
INFO: Run Behavior\ReadHtmlCacheBehavior [ RunTime:0.000000s ]
INFO: [ app_begin ] --END-- [ RunTime:0.000000s ]
SQL: SHOW COLUMNS FROM `zfhc_auth_group_access` [ RunTime:0.0030s ]
SQL: SELECT `uid`,`group_id`,`title`,`rules` FROM zfhc_auth_group_access a INNER JOIN zfhc_auth_group g on a.group_id=g.id  WHERE ( a.uid='1' and g.status='1' )  [ RunTime:0.0000s ]
NOTIC: [8] Undefined index: id D:\xampp\htdocs\TP\Application\Common\Common\function.php 第 17 行.
NOTIC: [2] in_array() expects parameter 2 to be array, null given D:\xampp\htdocs\TP\Application\Common\Common\function.php 第 17 行.
SQL: SHOW COLUMNS FROM `zfhc_auth_rule` [ RunTime:0.0030s ]
SQL: SELECT `condition`,`name` FROM `zfhc_auth_rule` WHERE `id` IN ('') AND `type` = 1 AND `status` = 1  [ RunTime:0.0010s ]
INFO: [ view_parse ] --START--
INFO: [ template_filter ] --START--
INFO: Run Behavior\ContentReplaceBehavior [ RunTime:0.000000s ]
INFO: [ template_filter ] --END-- [ RunTime:0.000000s ]
INFO: Run Behavior\ParseTemplateBehavior [ RunTime:0.011001s ]
INFO: [ view_parse ] --END-- [ RunTime:0.012001s ]
INFO: [ view_filter ] --START--
INFO: Run Behavior\WriteHtmlCacheBehavior [ RunTime:0.000000s ]
INFO: [ view_filter ] --END-- [ RunTime:0.000000s ]
INFO: [ app_end ] --START--
INFO: Run Behavior\ShowPageTraceBehavior [ RunTime:0.001000s ]
INFO: [ app_end ] --END-- [ RunTime:0.001000s ]

[ 2017-07-07T21:52:45+08:00 ] ::1 /TP/Admin/Slideshow/upload
INFO: [ app_init ] --START--
INFO: Run Behavior\BuildLiteBehavior [ RunTime:0.000000s ]
INFO: [ app_init ] --END-- [ RunTime:0.000000s ]
INFO: [ app_begin ] --START--
INFO: Run Behavior\ReadHtmlCacheBehavior [ RunTime:0.001000s ]
INFO: [ app_begin ] --END-- [ RunTime:0.001000s ]
SQL: SHOW COLUMNS FROM `zfhc_auth_group_access` [ RunTime:0.0050s ]
SQL: SELECT `uid`,`group_id`,`title`,`rules` FROM zfhc_auth_group_access a INNER JOIN zfhc_auth_group g on a.group_id=g.id  WHERE ( a.uid='1' and g.status='1' )  [ RunTime:0.0010s ]
NOTIC: [8] Undefined index: id D:\xampp\htdocs\TP\Application\Common\Common\function.php 第 17 行.
NOTIC: [2] in_array() expects parameter 2 to be array, null given D:\xampp\htdocs\TP\Application\Common\Common\function.php 第 17 行.
SQL: SHOW COLUMNS FROM `zfhc_auth_rule` [ RunTime:0.0050s ]
SQL: SELECT `condition`,`name` FROM `zfhc_auth_rule` WHERE `id` IN ('') AND `type` = 1 AND `status` = 1  [ RunTime:0.0010s ]
ERR: 1146:Table 'tp_zfhc.zfhc_slide_show' doesn't exist
 [ SQL语句 ] : SHOW COLUMNS FROM `zfhc_slide_show`
ERR: 1146:Table 'tp_zfhc.zfhc_slide_show' doesn't exist
 [ SQL语句 ] : SHOW COLUMNS FROM `zfhc_slide_show`

[ 2017-07-07T21:53:38+08:00 ] ::1 /TP/Admin/Slideshow/upload
INFO: [ app_init ] --START--
INFO: Run Behavior\BuildLiteBehavior [ RunTime:0.000000s ]
INFO: [ app_init ] --END-- [ RunTime:0.000000s ]
INFO: [ app_begin ] --START--
INFO: Run Behavior\ReadHtmlCacheBehavior [ RunTime:0.000000s ]
INFO: [ app_begin ] --END-- [ RunTime:0.000000s ]
SQL: SHOW COLUMNS FROM `zfhc_auth_group_access` [ RunTime:0.0050s ]
SQL: SELECT `uid`,`group_id`,`title`,`rules` FROM zfhc_auth_group_access a INNER JOIN zfhc_auth_group g on a.group_id=g.id  WHERE ( a.uid='1' and g.status='1' )  [ RunTime:0.0010s ]
NOTIC: [8] Undefined index: id D:\xampp\htdocs\TP\Application\Common\Common\function.php 第 17 行.
NOTIC: [2] in_array() expects parameter 2 to be array, null given D:\xampp\htdocs\TP\Application\Common\Common\function.php 第 17 行.
SQL: SHOW COLUMNS FROM `zfhc_auth_rule` [ RunTime:0.0050s ]
SQL: SELECT `condition`,`name` FROM `zfhc_auth_rule` WHERE `id` IN ('') AND `type` = 1 AND `status` = 1  [ RunTime:0.0000s ]
ERR: 1146:Table 'tp_zfhc.zfhc_slide_show' doesn't exist
 [ SQL语句 ] : SHOW COLUMNS FROM `zfhc_slide_show`
ERR: 1146:Table 'tp_zfhc.zfhc_slide_show' doesn't exist
 [ SQL语句 ] : SHOW COLUMNS FROM `zfhc_slide_show`

[ 2017-07-07T21:53:41+08:00 ] ::1 /TP/Admin/Slideshow/upload
INFO: [ app_init ] --START--
INFO: Run Behavior\BuildLiteBehavior [ RunTime:0.000000s ]
INFO: [ app_init ] --END-- [ RunTime:0.000000s ]
INFO: [ app_begin ] --START--
INFO: Run Behavior\ReadHtmlCacheBehavior [ RunTime:0.000000s ]
INFO: [ app_begin ] --END-- [ RunTime:0.000000s ]
SQL: SHOW COLUMNS FROM `zfhc_auth_group_access` [ RunTime:0.0020s ]
SQL: SELECT `uid`,`group_id`,`title`,`rules` FROM zfhc_auth_group_access a INNER JOIN zfhc_auth_group g on a.group_id=g.id  WHERE ( a.uid='1' and g.status='1' )  [ RunTime:0.0010s ]
NOTIC: [8] Undefined index: id D:\xampp\htdocs\TP\Application\Common\Common\function.php 第 17 行.
NOTIC: [2] in_array() expects parameter 2 to be array, null given D:\xampp\htdocs\TP\Application\Common\Common\function.php 第 17 行.
SQL: SHOW COLUMNS FROM `zfhc_auth_rule` [ RunTime:0.0020s ]
SQL: SELECT `condition`,`name` FROM `zfhc_auth_rule` WHERE `id` IN ('') AND `type` = 1 AND `status` = 1  [ RunTime:0.0010s ]
ERR: 1146:Table 'tp_zfhc.zfhc_slide_show' doesn't exist
 [ SQL语句 ] : SHOW COLUMNS FROM `zfhc_slide_show`
ERR: 1146:Table 'tp_zfhc.zfhc_slide_show' doesn't exist
 [ SQL语句 ] : SHOW COLUMNS FROM `zfhc_slide_show`

[ 2017-07-07T21:53:53+08:00 ] ::1 /TP/Admin/Slideshow/upload
INFO: [ app_init ] --START--
INFO: Run Behavior\BuildLiteBehavior [ RunTime:0.000000s ]
INFO: [ app_init ] --END-- [ RunTime:0.001000s ]
INFO: [ app_begin ] --START--
INFO: Run Behavior\ReadHtmlCacheBehavior [ RunTime:0.000000s ]
INFO: [ app_begin ] --END-- [ RunTime:0.000000s ]
SQL: SHOW COLUMNS FROM `zfhc_auth_group_access` [ RunTime:0.0050s ]
SQL: SELECT `uid`,`group_id`,`title`,`rules` FROM zfhc_auth_group_access a INNER JOIN zfhc_auth_group g on a.group_id=g.id  WHERE ( a.uid='1' and g.status='1' )  [ RunTime:0.0010s ]
NOTIC: [8] Undefined index: id D:\xampp\htdocs\TP\Application\Common\Common\function.php 第 17 行.
NOTIC: [2] in_array() expects parameter 2 to be array, null given D:\xampp\htdocs\TP\Application\Common\Common\function.php 第 17 行.
SQL: SHOW COLUMNS FROM `zfhc_auth_rule` [ RunTime:0.0050s ]
SQL: SELECT `condition`,`name` FROM `zfhc_auth_rule` WHERE `id` IN ('') AND `type` = 1 AND `status` = 1  [ RunTime:0.0020s ]
ERR: 1146:Table 'tp_zfhc.zfhc_slide_show' doesn't exist
 [ SQL语句 ] : SHOW COLUMNS FROM `zfhc_slide_show`
ERR: 1146:Table 'tp_zfhc.zfhc_slide_show' doesn't exist
 [ SQL语句 ] : SHOW COLUMNS FROM `zfhc_slide_show`

[ 2017-07-07T21:54:04+08:00 ] ::1 /TP/Admin/Slideshow/upload
INFO: [ app_init ] --START--
INFO: Run Behavior\BuildLiteBehavior [ RunTime:0.000000s ]
INFO: [ app_init ] --END-- [ RunTime:0.001000s ]
INFO: [ app_begin ] --START--
INFO: Run Behavior\ReadHtmlCacheBehavior [ RunTime:0.000000s ]
INFO: [ app_begin ] --END-- [ RunTime:0.000000s ]
SQL: SHOW COLUMNS FROM `zfhc_auth_group_access` [ RunTime:0.0050s ]
SQL: SELECT `uid`,`group_id`,`title`,`rules` FROM zfhc_auth_group_access a INNER JOIN zfhc_auth_group g on a.group_id=g.id  WHERE ( a.uid='1' and g.status='1' )  [ RunTime:0.0010s ]
NOTIC: [8] Undefined index: id D:\xampp\htdocs\TP\Application\Common\Common\function.php 第 17 行.
NOTIC: [2] in_array() expects parameter 2 to be array, null given D:\xampp\htdocs\TP\Application\Common\Common\function.php 第 17 行.
SQL: SHOW COLUMNS FROM `zfhc_auth_rule` [ RunTime:0.0050s ]
SQL: SELECT `condition`,`name` FROM `zfhc_auth_rule` WHERE `id` IN ('') AND `type` = 1 AND `status` = 1  [ RunTime:0.0000s ]
ERR: 1146:Table 'tp_zfhc.zfhc_slide_show' doesn't exist
 [ SQL语句 ] : SHOW COLUMNS FROM `zfhc_slide_show`
ERR: 1146:Table 'tp_zfhc.zfhc_slide_show' doesn't exist
 [ SQL语句 ] : SHOW COLUMNS FROM `zfhc_slide_show`

[ 2017-07-07T21:54:09+08:00 ] ::1 /TP/Admin/Slideshow/slideshowAdd.html
INFO: [ app_init ] --START--
INFO: Run Behavior\BuildLiteBehavior [ RunTime:0.000000s ]
INFO: [ app_init ] --END-- [ RunTime:0.001000s ]
INFO: [ app_begin ] --START--
INFO: Run Behavior\ReadHtmlCacheBehavior [ RunTime:0.001000s ]
INFO: [ app_begin ] --END-- [ RunTime:0.001000s ]
SQL: SHOW COLUMNS FROM `zfhc_auth_group_access` [ RunTime:0.0020s ]
SQL: SELECT `uid`,`group_id`,`title`,`rules` FROM zfhc_auth_group_access a INNER JOIN zfhc_auth_group g on a.group_id=g.id  WHERE ( a.uid='1' and g.status='1' )  [ RunTime:0.0000s ]
NOTIC: [8] Undefined index: id D:\xampp\htdocs\TP\Application\Common\Common\function.php 第 17 行.
NOTIC: [2] in_array() expects parameter 2 to be array, null given D:\xampp\htdocs\TP\Application\Common\Common\function.php 第 17 行.
SQL: SHOW COLUMNS FROM `zfhc_auth_rule` [ RunTime:0.0030s ]
SQL: SELECT `condition`,`name` FROM `zfhc_auth_rule` WHERE `id` IN ('') AND `type` = 1 AND `status` = 1  [ RunTime:0.0000s ]
INFO: [ view_parse ] --START--
INFO: [ template_filter ] --START--
INFO: Run Behavior\ContentReplaceBehavior [ RunTime:0.000000s ]
INFO: [ template_filter ] --END-- [ RunTime:0.000000s ]
INFO: Run Behavior\ParseTemplateBehavior [ RunTime:0.009001s ]
INFO: [ view_parse ] --END-- [ RunTime:0.009001s ]
INFO: [ view_filter ] --START--
INFO: Run Behavior\WriteHtmlCacheBehavior [ RunTime:0.000000s ]
INFO: [ view_filter ] --END-- [ RunTime:0.000000s ]
INFO: [ app_end ] --START--
INFO: Run Behavior\ShowPageTraceBehavior [ RunTime:0.001000s ]
INFO: [ app_end ] --END-- [ RunTime:0.001000s ]

[ 2017-07-07T21:54:16+08:00 ] ::1 /TP/Admin/Slideshow/upload
INFO: [ app_init ] --START--
INFO: Run Behavior\BuildLiteBehavior [ RunTime:0.000000s ]
INFO: [ app_init ] --END-- [ RunTime:0.000000s ]
INFO: [ app_begin ] --START--
INFO: Run Behavior\ReadHtmlCacheBehavior [ RunTime:0.000000s ]
INFO: [ app_begin ] --END-- [ RunTime:0.000000s ]
SQL: SHOW COLUMNS FROM `zfhc_auth_group_access` [ RunTime:0.0050s ]
SQL: SELECT `uid`,`group_id`,`title`,`rules` FROM zfhc_auth_group_access a INNER JOIN zfhc_auth_group g on a.group_id=g.id  WHERE ( a.uid='1' and g.status='1' )  [ RunTime:0.0010s ]
NOTIC: [8] Undefined index: id D:\xampp\htdocs\TP\Application\Common\Common\function.php 第 17 行.
NOTIC: [2] in_array() expects parameter 2 to be array, null given D:\xampp\htdocs\TP\Application\Common\Common\function.php 第 17 行.
SQL: SHOW COLUMNS FROM `zfhc_auth_rule` [ RunTime:0.0050s ]
SQL: SELECT `condition`,`name` FROM `zfhc_auth_rule` WHERE `id` IN ('') AND `type` = 1 AND `status` = 1  [ RunTime:0.0010s ]
ERR: 1146:Table 'tp_zfhc.zfhc_slide_show' doesn't exist
 [ SQL语句 ] : SHOW COLUMNS FROM `zfhc_slide_show`
ERR: 1146:Table 'tp_zfhc.zfhc_slide_show' doesn't exist
 [ SQL语句 ] : SHOW COLUMNS FROM `zfhc_slide_show`

[ 2017-07-07T21:54:51+08:00 ] ::1 /TP/Admin/Slideshow/slideshowAdd.html
INFO: [ app_init ] --START--
INFO: Run Behavior\BuildLiteBehavior [ RunTime:0.000000s ]
INFO: [ app_init ] --END-- [ RunTime:0.001000s ]
INFO: [ app_begin ] --START--
INFO: Run Behavior\ReadHtmlCacheBehavior [ RunTime:0.001000s ]
INFO: [ app_begin ] --END-- [ RunTime:0.001000s ]
SQL: SHOW COLUMNS FROM `zfhc_auth_group_access` [ RunTime:0.0060s ]
SQL: SELECT `uid`,`group_id`,`title`,`rules` FROM zfhc_auth_group_access a INNER JOIN zfhc_auth_group g on a.group_id=g.id  WHERE ( a.uid='1' and g.status='1' )  [ RunTime:0.0010s ]
NOTIC: [8] Undefined index: id D:\xampp\htdocs\TP\Application\Common\Common\function.php 第 17 行.
NOTIC: [2] in_array() expects parameter 2 to be array, null given D:\xampp\htdocs\TP\Application\Common\Common\function.php 第 17 行.
SQL: SHOW COLUMNS FROM `zfhc_auth_rule` [ RunTime:0.0060s ]
SQL: SELECT `condition`,`name` FROM `zfhc_auth_rule` WHERE `id` IN ('') AND `type` = 1 AND `status` = 1  [ RunTime:0.0000s ]
INFO: [ view_parse ] --START--
INFO: [ template_filter ] --START--
INFO: Run Behavior\ContentReplaceBehavior [ RunTime:0.000000s ]
INFO: [ template_filter ] --END-- [ RunTime:0.000000s ]
INFO: Run Behavior\ParseTemplateBehavior [ RunTime:0.017001s ]
INFO: [ view_parse ] --END-- [ RunTime:0.017001s ]
INFO: [ view_filter ] --START--
INFO: Run Behavior\WriteHtmlCacheBehavior [ RunTime:0.000000s ]
INFO: [ view_filter ] --END-- [ RunTime:0.000000s ]
INFO: [ app_end ] --START--
INFO: Run Behavior\ShowPageTraceBehavior [ RunTime:0.001000s ]
INFO: [ app_end ] --END-- [ RunTime:0.001000s ]

[ 2017-07-07T21:54:54+08:00 ] ::1 /TP/Admin/Slideshow/upload
INFO: [ app_init ] --START--
INFO: Run Behavior\BuildLiteBehavior [ RunTime:0.000000s ]
INFO: [ app_init ] --END-- [ RunTime:0.000000s ]
INFO: [ app_begin ] --START--
INFO: Run Behavior\ReadHtmlCacheBehavior [ RunTime:0.001000s ]
INFO: [ app_begin ] --END-- [ RunTime:0.001000s ]
SQL: SHOW COLUMNS FROM `zfhc_auth_group_access` [ RunTime:0.0050s ]
SQL: SELECT `uid`,`group_id`,`title`,`rules` FROM zfhc_auth_group_access a INNER JOIN zfhc_auth_group g on a.group_id=g.id  WHERE ( a.uid='1' and g.status='1' )  [ RunTime:0.0010s ]
NOTIC: [8] Undefined index: id D:\xampp\htdocs\TP\Application\Common\Common\function.php 第 17 行.
NOTIC: [2] in_array() expects parameter 2 to be array, null given D:\xampp\htdocs\TP\Application\Common\Common\function.php 第 17 行.
SQL: SHOW COLUMNS FROM `zfhc_auth_rule` [ RunTime:0.0060s ]
SQL: SELECT `condition`,`name` FROM `zfhc_auth_rule` WHERE `id` IN ('') AND `type` = 1 AND `status` = 1  [ RunTime:0.0010s ]
NOTIC: [2] call_user_func() expects parameter 1 to be a valid callback, no array or string given D:\xampp\htdocs\TP\ThinkPHP\Library\Think\Upload.class.php 第 170 行.

